2025/01/13 09:18:53 main.go:379: [34mStarting Dynamic 8 Instances[0m
2025/01/13 09:18:53 main.go:379: [34m


Got %d paths to process[0m
2025/01/13 09:18:53 main.go:342: [33mPath: [37m			./examples/insta-360-x2-case-for-large-cord/insta360x2-case.scad[0m
2025/01/13 09:18:53 main.go:342: [33mPath: [37m			./examples/insta-360-x2-case-for-large-cord/insta360x2-top.scad[0m
2025/01/13 09:18:53 main.go:342: [33m=============== path: [37m			./examples/insta-360-x2-case-for-large-cord/insta360x2-case.scad[0m
2025/01/13 09:18:53 main.go:342: [33mexportFolderPath: [37m			examples/insta-360-x2-case-for-large-cord/export/v0.2[0m
2025/01/13 09:18:53 main.go:342: [33moutputFileName: [37m			insta360x2-case_cylinderWidth3_includeGoProMounttrue_designFileNameinsta360x2-case.stl[0m
2025/01/13 09:18:53 main.go:342: [33mexportNameFormat in getInstanceConfigSaveLocation: [37m			includeGoProMount-true/cylinderWidth-3/insta360x2-case[0m
2025/01/13 09:18:53 main.go:342: [33moutputPath from getInstanceConfigSaveLocation: [37m			examples/insta-360-x2-case-for-large-cord/export/v0.2/includeGoProMount-true/cylinderWidth-3/insta360x2-case.stl[0m
2025/01/13 09:18:53 main.go:342: [33mInputPath: [37m			./examples/insta-360-x2-case-for-large-cord/insta360x2-case.scad[0m
2025/01/13 09:18:54 main.go:342: [33mexportFolderPath: [37m			examples/insta-360-x2-case-for-large-cord/export/v0.2[0m
2025/01/13 09:18:54 main.go:342: [33moutputFileName: [37m			insta360x2-case_cylinderWidth3_includeGoProMountfalse_designFileNameinsta360x2-case.stl[0m
2025/01/13 09:18:54 main.go:342: [33mexportNameFormat in getInstanceConfigSaveLocation: [37m			includeGoProMount-false/cylinderWidth-3/insta360x2-case[0m
2025/01/13 09:18:54 main.go:342: [33moutputPath from getInstanceConfigSaveLocation: [37m			examples/insta-360-x2-case-for-large-cord/export/v0.2/includeGoProMount-false/cylinderWidth-3/insta360x2-case.stl[0m
2025/01/13 09:18:54 main.go:342: [33mInputPath: [37m			./examples/insta-360-x2-case-for-large-cord/insta360x2-case.scad[0m
2025/01/13 09:18:54 main.go:342: [33mexportFolderPath: [37m			examples/insta-360-x2-case-for-large-cord/export/v0.2[0m
2025/01/13 09:18:54 main.go:342: [33moutputFileName: [37m			insta360x2-case_cylinderWidth3.5_includeGoProMounttrue_designFileNameinsta360x2-case.stl[0m
2025/01/13 09:18:54 main.go:342: [33mexportNameFormat in getInstanceConfigSaveLocation: [37m			includeGoProMount-true/cylinderWidth-3.5/insta360x2-case[0m
2025/01/13 09:18:54 main.go:342: [33moutputPath from getInstanceConfigSaveLocation: [37m			examples/insta-360-x2-case-for-large-cord/export/v0.2/includeGoProMount-true/cylinderWidth-3.5/insta360x2-case.stl[0m
2025/01/13 09:18:54 main.go:342: [33mInputPath: [37m			./examples/insta-360-x2-case-for-large-cord/insta360x2-case.scad[0m
2025/01/13 09:18:54 main.go:342: [33mexportFolderPath: [37m			examples/insta-360-x2-case-for-large-cord/export/v0.2[0m
2025/01/13 09:18:54 main.go:342: [33moutputFileName: [37m			insta360x2-case_includeGoProMountfalse_designFileNameinsta360x2-case_cylinderWidth3.5.stl[0m
2025/01/13 09:18:54 main.go:342: [33mexportNameFormat in getInstanceConfigSaveLocation: [37m			includeGoProMount-false/cylinderWidth-3.5/insta360x2-case[0m
2025/01/13 09:18:54 main.go:342: [33moutputPath from getInstanceConfigSaveLocation: [37m			examples/insta-360-x2-case-for-large-cord/export/v0.2/includeGoProMount-false/cylinderWidth-3.5/insta360x2-case.stl[0m
2025/01/13 09:18:54 main.go:342: [33mInputPath: [37m			./examples/insta-360-x2-case-for-large-cord/insta360x2-case.scad[0m
2025/01/13 09:18:55 main.go:342: [33mexportFolderPath: [37m			examples/insta-360-x2-case-for-large-cord/export/v0.2[0m
2025/01/13 09:18:55 main.go:342: [33moutputFileName: [37m			insta360x2-top_includeGoProMounttrue_designFileNameinsta360x2-top_cylinderWidth3.stl[0m
2025/01/13 09:18:55 main.go:342: [33mexportNameFormat in getInstanceConfigSaveLocation: [37m			includeGoProMount-true/cylinderWidth-3/insta360x2-top[0m
2025/01/13 09:18:55 main.go:342: [33moutputPath from getInstanceConfigSaveLocation: [37m			examples/insta-360-x2-case-for-large-cord/export/v0.2/includeGoProMount-true/cylinderWidth-3/insta360x2-top.stl[0m
2025/01/13 09:18:55 main.go:342: [33mInputPath: [37m			./examples/insta-360-x2-case-for-large-cord/insta360x2-top.scad[0m
2025/01/13 09:18:55 main.go:342: [33mexportFolderPath: [37m			examples/insta-360-x2-case-for-large-cord/export/v0.2[0m
2025/01/13 09:18:55 main.go:342: [33moutputFileName: [37m			insta360x2-top_cylinderWidth3_includeGoProMountfalse_designFileNameinsta360x2-top.stl[0m
2025/01/13 09:18:55 main.go:342: [33mexportNameFormat in getInstanceConfigSaveLocation: [37m			includeGoProMount-false/cylinderWidth-3/insta360x2-top[0m
2025/01/13 09:18:55 main.go:342: [33moutputPath from getInstanceConfigSaveLocation: [37m			examples/insta-360-x2-case-for-large-cord/export/v0.2/includeGoProMount-false/cylinderWidth-3/insta360x2-top.stl[0m
2025/01/13 09:18:55 main.go:342: [33mInputPath: [37m			./examples/insta-360-x2-case-for-large-cord/insta360x2-top.scad[0m
2025/01/13 09:18:55 main.go:342: [33mexportFolderPath: [37m			examples/insta-360-x2-case-for-large-cord/export/v0.2[0m
2025/01/13 09:18:55 main.go:342: [33moutputFileName: [37m			insta360x2-top_cylinderWidth3.5_includeGoProMounttrue_designFileNameinsta360x2-top.stl[0m
2025/01/13 09:18:55 main.go:342: [33mexportNameFormat in getInstanceConfigSaveLocation: [37m			includeGoProMount-true/cylinderWidth-3.5/insta360x2-top[0m
2025/01/13 09:18:55 main.go:342: [33moutputPath from getInstanceConfigSaveLocation: [37m			examples/insta-360-x2-case-for-large-cord/export/v0.2/includeGoProMount-true/cylinderWidth-3.5/insta360x2-top.stl[0m
2025/01/13 09:18:55 main.go:342: [33mInputPath: [37m			./examples/insta-360-x2-case-for-large-cord/insta360x2-top.scad[0m
2025/01/13 09:18:55 main.go:342: [33mexportFolderPath: [37m			examples/insta-360-x2-case-for-large-cord/export/v0.2[0m
2025/01/13 09:18:55 main.go:342: [33moutputFileName: [37m			insta360x2-top_designFileNameinsta360x2-top_cylinderWidth3.5_includeGoProMountfalse.stl[0m
2025/01/13 09:18:55 main.go:342: [33mexportNameFormat in getInstanceConfigSaveLocation: [37m			includeGoProMount-false/cylinderWidth-3.5/insta360x2-top[0m
2025/01/13 09:18:55 main.go:342: [33moutputPath from getInstanceConfigSaveLocation: [37m			examples/insta-360-x2-case-for-large-cord/export/v0.2/includeGoProMount-false/cylinderWidth-3.5/insta360x2-top.stl[0m
2025/01/13 09:18:55 main.go:342: [33mInputPath: [37m			./examples/insta-360-x2-case-for-large-cord/insta360x2-top.scad[0m
2025/01/13 09:18:55 main.go:342: [33m=============== path: [37m			./examples/insta-360-x2-case-for-large-cord/insta360x2-top.scad[0m
2025/01/13 09:18:55 main.go:342: [33mexportFolderPath: [37m			examples/insta-360-x2-case-for-large-cord/export/v0.2[0m
2025/01/13 09:18:55 main.go:342: [33moutputFileName: [37m			insta360x2-case_designFileNameinsta360x2-case_cylinderWidth3_includeGoProMounttrue.stl[0m
2025/01/13 09:18:55 main.go:342: [33mexportNameFormat in getInstanceConfigSaveLocation: [37m			includeGoProMount-true/cylinderWidth-3/insta360x2-case[0m
2025/01/13 09:18:55 main.go:342: [33moutputPath from getInstanceConfigSaveLocation: [37m			examples/insta-360-x2-case-for-large-cord/export/v0.2/includeGoProMount-true/cylinderWidth-3/insta360x2-case.stl[0m
2025/01/13 09:18:55 main.go:342: [33mInputPath: [37m			./examples/insta-360-x2-case-for-large-cord/insta360x2-case.scad[0m
2025/01/13 09:18:56 main.go:342: [33mexportFolderPath: [37m			examples/insta-360-x2-case-for-large-cord/export/v0.2[0m
2025/01/13 09:18:56 main.go:342: [33moutputFileName: [37m			insta360x2-case_designFileNameinsta360x2-case_cylinderWidth3_includeGoProMountfalse.stl[0m
2025/01/13 09:18:56 main.go:342: [33mexportNameFormat in getInstanceConfigSaveLocation: [37m			includeGoProMount-false/cylinderWidth-3/insta360x2-case[0m
2025/01/13 09:18:56 main.go:342: [33moutputPath from getInstanceConfigSaveLocation: [37m			examples/insta-360-x2-case-for-large-cord/export/v0.2/includeGoProMount-false/cylinderWidth-3/insta360x2-case.stl[0m
2025/01/13 09:18:56 main.go:342: [33mInputPath: [37m			./examples/insta-360-x2-case-for-large-cord/insta360x2-case.scad[0m
2025/01/13 09:18:56 main.go:342: [33mexportFolderPath: [37m			examples/insta-360-x2-case-for-large-cord/export/v0.2[0m
2025/01/13 09:18:56 main.go:342: [33moutputFileName: [37m			insta360x2-case_cylinderWidth3.5_includeGoProMounttrue_designFileNameinsta360x2-case.stl[0m
2025/01/13 09:18:56 main.go:342: [33mexportNameFormat in getInstanceConfigSaveLocation: [37m			includeGoProMount-true/cylinderWidth-3.5/insta360x2-case[0m
2025/01/13 09:18:56 main.go:342: [33moutputPath from getInstanceConfigSaveLocation: [37m			examples/insta-360-x2-case-for-large-cord/export/v0.2/includeGoProMount-true/cylinderWidth-3.5/insta360x2-case.stl[0m
2025/01/13 09:18:56 main.go:342: [33mInputPath: [37m			./examples/insta-360-x2-case-for-large-cord/insta360x2-case.scad[0m
2025/01/13 09:18:56 main.go:342: [33mexportFolderPath: [37m			examples/insta-360-x2-case-for-large-cord/export/v0.2[0m
2025/01/13 09:18:56 main.go:342: [33moutputFileName: [37m			insta360x2-case_designFileNameinsta360x2-case_cylinderWidth3.5_includeGoProMountfalse.stl[0m
2025/01/13 09:18:56 main.go:342: [33mexportNameFormat in getInstanceConfigSaveLocation: [37m			includeGoProMount-false/cylinderWidth-3.5/insta360x2-case[0m
2025/01/13 09:18:56 main.go:342: [33moutputPath from getInstanceConfigSaveLocation: [37m			examples/insta-360-x2-case-for-large-cord/export/v0.2/includeGoProMount-false/cylinderWidth-3.5/insta360x2-case.stl[0m
2025/01/13 09:18:56 main.go:342: [33mInputPath: [37m			./examples/insta-360-x2-case-for-large-cord/insta360x2-case.scad[0m
2025/01/13 09:18:56 main.go:342: [33mexportFolderPath: [37m			examples/insta-360-x2-case-for-large-cord/export/v0.2[0m
2025/01/13 09:18:56 main.go:342: [33moutputFileName: [37m			insta360x2-top_includeGoProMounttrue_designFileNameinsta360x2-top_cylinderWidth3.stl[0m
2025/01/13 09:18:56 main.go:342: [33mexportNameFormat in getInstanceConfigSaveLocation: [37m			includeGoProMount-true/cylinderWidth-3/insta360x2-top[0m
2025/01/13 09:18:56 main.go:342: [33moutputPath from getInstanceConfigSaveLocation: [37m			examples/insta-360-x2-case-for-large-cord/export/v0.2/includeGoProMount-true/cylinderWidth-3/insta360x2-top.stl[0m
2025/01/13 09:18:56 main.go:342: [33mInputPath: [37m			./examples/insta-360-x2-case-for-large-cord/insta360x2-top.scad[0m
2025/01/13 09:18:57 main.go:342: [33mexportFolderPath: [37m			examples/insta-360-x2-case-for-large-cord/export/v0.2[0m
2025/01/13 09:18:57 main.go:342: [33moutputFileName: [37m			insta360x2-top_cylinderWidth3_includeGoProMountfalse_designFileNameinsta360x2-top.stl[0m
2025/01/13 09:18:57 main.go:342: [33mexportNameFormat in getInstanceConfigSaveLocation: [37m			includeGoProMount-false/cylinderWidth-3/insta360x2-top[0m
2025/01/13 09:18:57 main.go:342: [33moutputPath from getInstanceConfigSaveLocation: [37m			examples/insta-360-x2-case-for-large-cord/export/v0.2/includeGoProMount-false/cylinderWidth-3/insta360x2-top.stl[0m
2025/01/13 09:18:57 main.go:342: [33mInputPath: [37m			./examples/insta-360-x2-case-for-large-cord/insta360x2-top.scad[0m
2025/01/13 09:18:57 main.go:342: [33mexportFolderPath: [37m			examples/insta-360-x2-case-for-large-cord/export/v0.2[0m
2025/01/13 09:18:57 main.go:342: [33moutputFileName: [37m			insta360x2-top_cylinderWidth3.5_includeGoProMounttrue_designFileNameinsta360x2-top.stl[0m
2025/01/13 09:18:57 main.go:342: [33mexportNameFormat in getInstanceConfigSaveLocation: [37m			includeGoProMount-true/cylinderWidth-3.5/insta360x2-top[0m
2025/01/13 09:18:57 main.go:342: [33moutputPath from getInstanceConfigSaveLocation: [37m			examples/insta-360-x2-case-for-large-cord/export/v0.2/includeGoProMount-true/cylinderWidth-3.5/insta360x2-top.stl[0m
2025/01/13 09:18:57 main.go:342: [33mInputPath: [37m			./examples/insta-360-x2-case-for-large-cord/insta360x2-top.scad[0m
2025/01/13 09:18:57 main.go:342: [33mexportFolderPath: [37m			examples/insta-360-x2-case-for-large-cord/export/v0.2[0m
2025/01/13 09:18:57 main.go:342: [33moutputFileName: [37m			insta360x2-top_designFileNameinsta360x2-top_cylinderWidth3.5_includeGoProMountfalse.stl[0m
2025/01/13 09:18:57 main.go:342: [33mexportNameFormat in getInstanceConfigSaveLocation: [37m			includeGoProMount-false/cylinderWidth-3.5/insta360x2-top[0m
2025/01/13 09:18:57 main.go:342: [33moutputPath from getInstanceConfigSaveLocation: [37m			examples/insta-360-x2-case-for-large-cord/export/v0.2/includeGoProMount-false/cylinderWidth-3.5/insta360x2-top.stl[0m
2025/01/13 09:18:57 main.go:342: [33mInputPath: [37m			./examples/insta-360-x2-case-for-large-cord/insta360x2-top.scad[0m
