2025/01/13 10:23:31 main.go:379: [34mStarting Dynamic 1 Instances[0m
2025/01/13 10:23:31 main.go:379: [34mGot 1 paths to process[0m
2025/01/13 10:23:31 main.go:342: [33mPath: [37m			./examples/svc-token/svc-token.scad[0m
2025/01/13 10:23:31 main.go:342: [33m=============== path: [37m			./examples/svc-token/svc-token.scad[0m
2025/01/13 10:23:31 main.go:379: [34mStarting Dynamic 1 Instances[0m
2025/01/13 10:23:31 main.go:379: [34m
Dynamic Model - (0/1) [0 processed] - '{designFileName}' [0m
2025/01/13 10:23:31 main.go:375: [32mCopied design file to export folder: examples/svc-token/export/v0.2/svc-token.scad[0m
2025/01/13 10:23:31 main.go:342: [33mexportFolderPath: [37m			examples/svc-token/export/v0.2[0m
2025/01/13 10:23:31 main.go:342: [33moutputFileName: [37m			svc-token_designFileNamesvc-token.stl[0m
2025/01/13 10:23:31 main.go:342: [33mexportNameFormat in getInstanceConfigSaveLocation: [37m			svc-token[0m
2025/01/13 10:23:31 main.go:342: [33moutputPath from getInstanceConfigSaveLocation: [37m			examples/svc-token/export/v0.2/svc-token.stl[0m
2025/01/13 10:23:31 main.go:342: [33mInputPath: [37m			./examples/svc-token/svc-token.scad[0m
WARNING: Ignoring unknown variable "svc" in file svc-token.scad, line 16
WARNING: Ignoring unknown variable "token" in file svc-token.scad, line 16
WARNING: undefined operation (undefined - undefined) in file svc-token.scad, line 16
Geometries in cache: 6
Geometry cache size in bytes: 3966576
CGAL Polyhedrons in cache: 1
CGAL cache size in bytes: 0
Total rendering time: 0:00:00.131
   Top level object is a 3D object (manifold):
   Status:     NoError
   Genus:      0
   Vertices:    13567
   Facets:      27130
2025/01/13 10:23:31 main.go:379: [34mSetting metadata[0m
2025/01/13 10:23:31 main.go:379: [34mFinished generating STL[0m
2025/01/13 10:23:31 main.go:379: [34mGenerating README.md[0m
2025/01/13 10:23:31 main.go:342: [33mREADME.md written to: [37m			examples/svc-token/export/v0.2/README.md[0m
2025/01/13 10:23:31 main.go:379: [34mSTL generation completed[0m
