2025/01/12 17:29:23 main.go:346: [34mStarting Dynamic 8 Instances[0m
2025/01/12 17:29:23 main.go:309: [33m=============== path: [37m			./examples/insta-360-x2-case-for-large-cord/insta360x2-case.scad[0m
2025/01/12 17:29:23 main.go:309: [33mexportFolderPath: [37m			examples/insta-360-x2-case-for-large-cord/export/v0.1[0m
2025/01/12 17:29:23 main.go:309: [33moutputFileName: [37m			includeGoProMount-true/cylinderWidth-3/insta360x2-case.stl[0m
2025/01/12 17:29:23 main.go:309: [33mInputPath: [37m			./examples/insta-360-x2-case-for-large-cord/insta360x2-case.scad[0m
2025/01/12 17:29:23 main.go:309: [33mexportFolderPath: [37m			examples/insta-360-x2-case-for-large-cord/export/v0.1[0m
2025/01/12 17:29:23 main.go:309: [33moutputFileName: [37m			includeGoProMount-false/cylinderWidth-3/insta360x2-case.stl[0m
2025/01/12 17:29:23 main.go:309: [33mInputPath: [37m			./examples/insta-360-x2-case-for-large-cord/insta360x2-case.scad[0m
2025/01/12 17:29:23 main.go:309: [33mexportFolderPath: [37m			examples/insta-360-x2-case-for-large-cord/export/v0.1[0m
2025/01/12 17:29:23 main.go:309: [33moutputFileName: [37m			includeGoProMount-true/cylinderWidth-3.5/insta360x2-case.stl[0m
2025/01/12 17:29:23 main.go:309: [33mInputPath: [37m			./examples/insta-360-x2-case-for-large-cord/insta360x2-case.scad[0m
2025/01/12 17:29:24 main.go:309: [33mexportFolderPath: [37m			examples/insta-360-x2-case-for-large-cord/export/v0.1[0m
2025/01/12 17:29:24 main.go:309: [33moutputFileName: [37m			includeGoProMount-false/cylinderWidth-3.5/insta360x2-case.stl[0m
2025/01/12 17:29:24 main.go:309: [33mInputPath: [37m			./examples/insta-360-x2-case-for-large-cord/insta360x2-case.scad[0m
2025/01/12 17:29:24 main.go:309: [33mexportFolderPath: [37m			examples/insta-360-x2-case-for-large-cord/export/v0.1[0m
2025/01/12 17:29:24 main.go:309: [33moutputFileName: [37m			includeGoProMount-true/cylinderWidth-3/insta360x2-top.stl[0m
2025/01/12 17:29:24 main.go:309: [33mInputPath: [37m			./examples/insta-360-x2-case-for-large-cord/insta360x2-case.scad[0m
2025/01/12 17:29:24 main.go:309: [33mexportFolderPath: [37m			examples/insta-360-x2-case-for-large-cord/export/v0.1[0m
2025/01/12 17:29:24 main.go:309: [33moutputFileName: [37m			includeGoProMount-false/cylinderWidth-3/insta360x2-top.stl[0m
2025/01/12 17:29:24 main.go:309: [33mInputPath: [37m			./examples/insta-360-x2-case-for-large-cord/insta360x2-case.scad[0m
2025/01/12 17:29:25 main.go:309: [33mexportFolderPath: [37m			examples/insta-360-x2-case-for-large-cord/export/v0.1[0m
2025/01/12 17:29:25 main.go:309: [33moutputFileName: [37m			includeGoProMount-true/cylinderWidth-3.5/insta360x2-top.stl[0m
2025/01/12 17:29:25 main.go:309: [33mInputPath: [37m			./examples/insta-360-x2-case-for-large-cord/insta360x2-case.scad[0m
2025/01/12 17:29:25 main.go:309: [33mexportFolderPath: [37m			examples/insta-360-x2-case-for-large-cord/export/v0.1[0m
2025/01/12 17:29:25 main.go:309: [33moutputFileName: [37m			includeGoProMount-false/cylinderWidth-3.5/insta360x2-top.stl[0m
2025/01/12 17:29:25 main.go:309: [33mInputPath: [37m			./examples/insta-360-x2-case-for-large-cord/insta360x2-case.scad[0m
2025/01/12 17:29:25 main.go:309: [33m=============== path: [37m			./examples/insta-360-x2-case-for-large-cord/insta360x2-top.scad[0m
2025/01/12 17:29:25 main.go:309: [33mexportFolderPath: [37m			examples/insta-360-x2-case-for-large-cord/export/v0.1[0m
2025/01/12 17:29:25 main.go:309: [33moutputFileName: [37m			includeGoProMount-true/cylinderWidth-3/insta360x2-case.stl[0m
2025/01/12 17:29:25 main.go:309: [33mInputPath: [37m			./examples/insta-360-x2-case-for-large-cord/insta360x2-top.scad[0m
2025/01/12 17:29:25 main.go:309: [33mexportFolderPath: [37m			examples/insta-360-x2-case-for-large-cord/export/v0.1[0m
2025/01/12 17:29:25 main.go:309: [33moutputFileName: [37m			includeGoProMount-false/cylinderWidth-3/insta360x2-case.stl[0m
2025/01/12 17:29:25 main.go:309: [33mInputPath: [37m			./examples/insta-360-x2-case-for-large-cord/insta360x2-top.scad[0m
2025/01/12 17:29:26 main.go:309: [33mexportFolderPath: [37m			examples/insta-360-x2-case-for-large-cord/export/v0.1[0m
2025/01/12 17:29:26 main.go:309: [33moutputFileName: [37m			includeGoProMount-true/cylinderWidth-3.5/insta360x2-case.stl[0m
2025/01/12 17:29:26 main.go:309: [33mInputPath: [37m			./examples/insta-360-x2-case-for-large-cord/insta360x2-top.scad[0m
2025/01/12 17:29:26 main.go:309: [33mexportFolderPath: [37m			examples/insta-360-x2-case-for-large-cord/export/v0.1[0m
2025/01/12 17:29:26 main.go:309: [33moutputFileName: [37m			includeGoProMount-false/cylinderWidth-3.5/insta360x2-case.stl[0m
2025/01/12 17:29:26 main.go:309: [33mInputPath: [37m			./examples/insta-360-x2-case-for-large-cord/insta360x2-top.scad[0m
2025/01/12 17:29:26 main.go:309: [33mexportFolderPath: [37m			examples/insta-360-x2-case-for-large-cord/export/v0.1[0m
2025/01/12 17:29:26 main.go:309: [33moutputFileName: [37m			includeGoProMount-true/cylinderWidth-3/insta360x2-top.stl[0m
2025/01/12 17:29:26 main.go:309: [33mInputPath: [37m			./examples/insta-360-x2-case-for-large-cord/insta360x2-top.scad[0m
2025/01/12 17:29:26 main.go:309: [33mexportFolderPath: [37m			examples/insta-360-x2-case-for-large-cord/export/v0.1[0m
2025/01/12 17:29:26 main.go:309: [33moutputFileName: [37m			includeGoProMount-false/cylinderWidth-3/insta360x2-top.stl[0m
2025/01/12 17:29:26 main.go:309: [33mInputPath: [37m			./examples/insta-360-x2-case-for-large-cord/insta360x2-top.scad[0m
2025/01/12 17:29:26 main.go:309: [33mexportFolderPath: [37m			examples/insta-360-x2-case-for-large-cord/export/v0.1[0m
2025/01/12 17:29:26 main.go:309: [33moutputFileName: [37m			includeGoProMount-true/cylinderWidth-3.5/insta360x2-top.stl[0m
2025/01/12 17:29:26 main.go:309: [33mInputPath: [37m			./examples/insta-360-x2-case-for-large-cord/insta360x2-top.scad[0m
2025/01/12 17:29:26 main.go:309: [33mexportFolderPath: [37m			examples/insta-360-x2-case-for-large-cord/export/v0.1[0m
2025/01/12 17:29:26 main.go:309: [33moutputFileName: [37m			includeGoProMount-false/cylinderWidth-3.5/insta360x2-top.stl[0m
2025/01/12 17:29:26 main.go:309: [33mInputPath: [37m			./examples/insta-360-x2-case-for-large-cord/insta360x2-top.scad[0m
