2025/01/11 15:42:57 main.go:292: [34mStarting Dynamic 20 Instances[0m
2025/01/11 15:42:57 main.go:292: [34m
Dynamic Model - (0/20) [0 processed] - 'button-height-1-width-5-button-profile-50_A' [0m
2025/01/11 15:42:57 main.go:255: [33mParams: [37m			map[button_height:1 button_radius:50 button_width:5][0m
2025/01/11 15:42:57 main.go:292: [34mMax instance check passed[0m
2025/01/11 15:42:57 main.go:255: [33mMax instances: [37m			0[0m
2025/01/11 15:42:57 main.go:255: [33mProcessed instances: [37m			0[0m
2025/01/11 15:42:57 main.go:255: [33moutputPath: [37m			examples/screw-in-button/export/v1.17/has_part_letter/button-height-1-width-5-button-profile-50_A[0m
2025/01/11 15:42:57 main.go:255: [33mexportFolderPath: [37m			examples/screw-in-button/export/v1.17/has_part_letter[0m
2025/01/11 15:42:57 main.go:255: [33mexportFolderPath to check:: [37m			examples/screw-in-button/export/v1.17/has_part_letter[0m
2025/01/11 15:42:57 main.go:292: [34mCopying design file to export folder[0m
2025/01/11 15:42:57 main.go:255: [33mDesign file: [37m			./examples/screw-in-button/Button.scad[0m
2025/01/11 15:42:57 main.go:255: [33mExport folder: [37m			examples/screw-in-button/export/v1.17/has_part_letter[0m
2025/01/11 15:42:57 main.go:255: [33mCustomParameter [button_radius]: [37m			50[0m
2025/01/11 15:42:57 main.go:255: [33mCustomParameter [button_height]: [37m			1[0m
2025/01/11 15:42:57 main.go:255: [33mCustomParameter [button_width]: [37m			5[0m
2025/01/11 15:42:57 main.go:255: [33mOptionalPartIDLetter set on model: [37m			A[0m
2025/01/11 15:42:57 main.go:255: [33mOverrideFN: [37m			300[0m
2025/01/11 15:42:57 main.go:255: [33mInputPath: [37m			./examples/screw-in-button/Button.scad[0m
2025/01/11 15:42:57 main.go:292: [34mRunning openscad[0m
2025/01/11 15:42:57 main.go:255: [33mCommand: [37m			openscad -o examples/screw-in-button/export/v1.17/has_part_letter/button-height-1-width-5-button-profile-50_A.stl -D button_radius=50 -D button_height=1 -D button_width=5 -D 'optional_part_id_letter="A"' -D '$fn=300' ./examples/screw-in-button/Button.scad --export-format binstl --render[0m
Geometries in cache: 12
Geometry cache size in bytes: 8172880
CGAL Polyhedrons in cache: 1
CGAL cache size in bytes: 10674000
Total rendering time: 0:00:15.422
Top level object is a 3D object (Nef polyhedron):
   Simple:     yes
   Vertices:     4457
   Halfedges:   20454
   Edges:       10227
   Halffacets:  11540
   Facets:       5770
   Volumes:         2
2025/01/11 15:43:12 main.go:292: [34mSetting metadata[0m
2025/01/11 15:43:12 main.go:255: [33mSet xattr: [37m			user.openscadgen.version[0m
2025/01/11 15:43:12 main.go:255: [33mSet xattr: [37m			user.openscadgen.instance[0m
2025/01/11 15:43:12 main.go:255: [33mSet xattr: [37m			user.openscadgen.params.button_width[0m
2025/01/11 15:43:12 main.go:255: [33mSet xattr: [37m			user.openscadgen.params.button_radius[0m
2025/01/11 15:43:12 main.go:255: [33mSet xattr: [37m			user.openscadgen.params.button_height[0m
2025/01/11 15:43:12 main.go:255: [33mSet build info in file attributes: [37m			examples/screw-in-button/export/v1.17/has_part_letter/button-height-1-width-5-button-profile-50_A.stl[0m
2025/01/11 15:43:12 main.go:292: [34m
Dynamic Model - (1/20) [1 processed] - 'button-height-3-width-5-button-profile-50_B' [0m
2025/01/11 15:43:12 main.go:255: [33mParams: [37m			map[button_height:3 button_radius:50 button_width:5][0m
2025/01/11 15:43:12 main.go:292: [34mMax instance check passed[0m
2025/01/11 15:43:12 main.go:255: [33mMax instances: [37m			0[0m
2025/01/11 15:43:12 main.go:255: [33mProcessed instances: [37m			1[0m
2025/01/11 15:43:12 main.go:255: [33moutputPath: [37m			examples/screw-in-button/export/v1.17/has_part_letter/button-height-3-width-5-button-profile-50_B[0m
2025/01/11 15:43:12 main.go:255: [33mexportFolderPath: [37m			examples/screw-in-button/export/v1.17/has_part_letter[0m
2025/01/11 15:43:12 main.go:255: [33mexportFolderPath to check:: [37m			examples/screw-in-button/export/v1.17/has_part_letter[0m
2025/01/11 15:43:12 main.go:292: [34mCopying design file to export folder[0m
2025/01/11 15:43:12 main.go:255: [33mDesign file: [37m			./examples/screw-in-button/Button.scad[0m
2025/01/11 15:43:12 main.go:255: [33mExport folder: [37m			examples/screw-in-button/export/v1.17/has_part_letter[0m
2025/01/11 15:43:12 main.go:255: [33mCustomParameter [button_height]: [37m			3[0m
2025/01/11 15:43:12 main.go:255: [33mCustomParameter [button_width]: [37m			5[0m
2025/01/11 15:43:12 main.go:255: [33mCustomParameter [button_radius]: [37m			50[0m
2025/01/11 15:43:12 main.go:255: [33mOptionalPartIDLetter set on model: [37m			B[0m
2025/01/11 15:43:12 main.go:255: [33mOverrideFN: [37m			300[0m
2025/01/11 15:43:12 main.go:255: [33mInputPath: [37m			./examples/screw-in-button/Button.scad[0m
2025/01/11 15:43:12 main.go:292: [34mRunning openscad[0m
2025/01/11 15:43:12 main.go:255: [33mCommand: [37m			openscad -o examples/screw-in-button/export/v1.17/has_part_letter/button-height-3-width-5-button-profile-50_B.stl -D button_height=3 -D button_width=5 -D button_radius=50 -D 'optional_part_id_letter="B"' -D '$fn=300' ./examples/screw-in-button/Button.scad --export-format binstl --render[0m
Geometries in cache: 12
Geometry cache size in bytes: 8463136
CGAL Polyhedrons in cache: 1
CGAL cache size in bytes: 16803600
Total rendering time: 0:00:18.342
Top level object is a 3D object (Nef polyhedron):
   Simple:     yes
   Vertices:     7146
   Halfedges:   32146
   Edges:       16073
   Halffacets:  17864
   Facets:       8932
   Volumes:         2
2025/01/11 15:43:31 main.go:292: [34mSetting metadata[0m
2025/01/11 15:43:31 main.go:255: [33mSet xattr: [37m			user.openscadgen.version[0m
2025/01/11 15:43:31 main.go:255: [33mSet xattr: [37m			user.openscadgen.instance[0m
2025/01/11 15:43:31 main.go:255: [33mSet xattr: [37m			user.openscadgen.params.button_width[0m
2025/01/11 15:43:31 main.go:255: [33mSet xattr: [37m			user.openscadgen.params.button_radius[0m
2025/01/11 15:43:31 main.go:255: [33mSet xattr: [37m			user.openscadgen.params.button_height[0m
2025/01/11 15:43:31 main.go:255: [33mSet build info in file attributes: [37m			examples/screw-in-button/export/v1.17/has_part_letter/button-height-3-width-5-button-profile-50_B.stl[0m
2025/01/11 15:43:31 main.go:292: [34m
Dynamic Model - (2/20) [2 processed] - 'button-height-5-width-5-button-profile-50_C' [0m
2025/01/11 15:43:31 main.go:255: [33mParams: [37m			map[button_height:5 button_radius:50 button_width:5][0m
2025/01/11 15:43:31 main.go:292: [34mMax instance check passed[0m
2025/01/11 15:43:31 main.go:255: [33mMax instances: [37m			0[0m
2025/01/11 15:43:31 main.go:255: [33mProcessed instances: [37m			2[0m
2025/01/11 15:43:31 main.go:255: [33moutputPath: [37m			examples/screw-in-button/export/v1.17/has_part_letter/button-height-5-width-5-button-profile-50_C[0m
2025/01/11 15:43:31 main.go:255: [33mexportFolderPath: [37m			examples/screw-in-button/export/v1.17/has_part_letter[0m
2025/01/11 15:43:31 main.go:255: [33mexportFolderPath to check:: [37m			examples/screw-in-button/export/v1.17/has_part_letter[0m
2025/01/11 15:43:31 main.go:292: [34mCopying design file to export folder[0m
2025/01/11 15:43:31 main.go:255: [33mDesign file: [37m			./examples/screw-in-button/Button.scad[0m
2025/01/11 15:43:31 main.go:255: [33mExport folder: [37m			examples/screw-in-button/export/v1.17/has_part_letter[0m
2025/01/11 15:43:31 main.go:255: [33mCustomParameter [button_width]: [37m			5[0m
2025/01/11 15:43:31 main.go:255: [33mCustomParameter [button_radius]: [37m			50[0m
2025/01/11 15:43:31 main.go:255: [33mCustomParameter [button_height]: [37m			5[0m
2025/01/11 15:43:31 main.go:255: [33mOptionalPartIDLetter set on model: [37m			C[0m
2025/01/11 15:43:31 main.go:255: [33mOverrideFN: [37m			300[0m
2025/01/11 15:43:31 main.go:255: [33mInputPath: [37m			./examples/screw-in-button/Button.scad[0m
2025/01/11 15:43:31 main.go:292: [34mRunning openscad[0m
2025/01/11 15:43:31 main.go:255: [33mCommand: [37m			openscad -o examples/screw-in-button/export/v1.17/has_part_letter/button-height-5-width-5-button-profile-50_C.stl -D button_width=5 -D button_radius=50 -D button_height=5 -D 'optional_part_id_letter="C"' -D '$fn=300' ./examples/screw-in-button/Button.scad --export-format binstl --render[0m
Geometries in cache: 12
Geometry cache size in bytes: 8458640
CGAL Polyhedrons in cache: 1
CGAL cache size in bytes: 21369040
Total rendering time: 0:00:20.866
Top level object is a 3D object (Nef polyhedron):
   Simple:     yes
   Vertices:     8632
   Halfedges:   41064
   Edges:       20532
   Halffacets:  23806
   Facets:      11903
   Volumes:         2
2025/01/11 15:43:52 main.go:292: [34mSetting metadata[0m
2025/01/11 15:43:52 main.go:255: [33mSet xattr: [37m			user.openscadgen.version[0m
2025/01/11 15:43:52 main.go:255: [33mSet xattr: [37m			user.openscadgen.instance[0m
2025/01/11 15:43:52 main.go:255: [33mSet xattr: [37m			user.openscadgen.params.button_width[0m
2025/01/11 15:43:52 main.go:255: [33mSet xattr: [37m			user.openscadgen.params.button_radius[0m
2025/01/11 15:43:52 main.go:255: [33mSet xattr: [37m			user.openscadgen.params.button_height[0m
2025/01/11 15:43:52 main.go:255: [33mSet build info in file attributes: [37m			examples/screw-in-button/export/v1.17/has_part_letter/button-height-5-width-5-button-profile-50_C.stl[0m
2025/01/11 15:43:52 main.go:292: [34m
Dynamic Model - (3/20) [3 processed] - 'button-height-10-width-5-button-profile-50_D' [0m
2025/01/11 15:43:52 main.go:255: [33mParams: [37m			map[button_height:10 button_radius:50 button_width:5][0m
2025/01/11 15:43:52 main.go:292: [34mMax instance check passed[0m
2025/01/11 15:43:52 main.go:255: [33mMax instances: [37m			0[0m
2025/01/11 15:43:52 main.go:255: [33mProcessed instances: [37m			3[0m
2025/01/11 15:43:52 main.go:255: [33moutputPath: [37m			examples/screw-in-button/export/v1.17/has_part_letter/button-height-10-width-5-button-profile-50_D[0m
2025/01/11 15:43:52 main.go:255: [33mexportFolderPath: [37m			examples/screw-in-button/export/v1.17/has_part_letter[0m
2025/01/11 15:43:52 main.go:255: [33mexportFolderPath to check:: [37m			examples/screw-in-button/export/v1.17/has_part_letter[0m
2025/01/11 15:43:52 main.go:292: [34mCopying design file to export folder[0m
2025/01/11 15:43:52 main.go:255: [33mDesign file: [37m			./examples/screw-in-button/Button.scad[0m
2025/01/11 15:43:52 main.go:255: [33mExport folder: [37m			examples/screw-in-button/export/v1.17/has_part_letter[0m
2025/01/11 15:43:52 main.go:255: [33mCustomParameter [button_width]: [37m			5[0m
2025/01/11 15:43:52 main.go:255: [33mCustomParameter [button_radius]: [37m			50[0m
2025/01/11 15:43:52 main.go:255: [33mCustomParameter [button_height]: [37m			10[0m
2025/01/11 15:43:52 main.go:255: [33mOptionalPartIDLetter set on model: [37m			D[0m
2025/01/11 15:43:52 main.go:255: [33mOverrideFN: [37m			300[0m
2025/01/11 15:43:52 main.go:255: [33mInputPath: [37m			./examples/screw-in-button/Button.scad[0m
2025/01/11 15:43:52 main.go:292: [34mRunning openscad[0m
2025/01/11 15:43:52 main.go:255: [33mCommand: [37m			openscad -o examples/screw-in-button/export/v1.17/has_part_letter/button-height-10-width-5-button-profile-50_D.stl -D button_width=5 -D button_radius=50 -D button_height=10 -D 'optional_part_id_letter="D"' -D '$fn=300' ./examples/screw-in-button/Button.scad --export-format binstl --render[0m
Geometries in cache: 12
Geometry cache size in bytes: 8326208
CGAL Polyhedrons in cache: 1
CGAL cache size in bytes: 28898000
Total rendering time: 0:00:21.635
Top level object is a 3D object (Nef polyhedron):
   Simple:     yes
   Vertices:    10884
   Halfedges:   55848
   Edges:       27924
   Halffacets:  34088
   Facets:      17044
   Volumes:         2
2025/01/11 15:44:13 main.go:292: [34mSetting metadata[0m
2025/01/11 15:44:13 main.go:255: [33mSet xattr: [37m			user.openscadgen.params.button_height[0m
2025/01/11 15:44:13 main.go:255: [33mSet xattr: [37m			user.openscadgen.params.button_width[0m
2025/01/11 15:44:13 main.go:255: [33mSet xattr: [37m			user.openscadgen.params.button_radius[0m
2025/01/11 15:44:13 main.go:255: [33mSet xattr: [37m			user.openscadgen.version[0m
2025/01/11 15:44:13 main.go:255: [33mSet xattr: [37m			user.openscadgen.instance[0m
2025/01/11 15:44:13 main.go:255: [33mSet build info in file attributes: [37m			examples/screw-in-button/export/v1.17/has_part_letter/button-height-10-width-5-button-profile-50_D.stl[0m
2025/01/11 15:44:13 main.go:292: [34m
Dynamic Model - (4/20) [4 processed] - 'button-height-20-width-5-button-profile-50_E' [0m
2025/01/11 15:44:13 main.go:255: [33mParams: [37m			map[button_height:20 button_radius:50 button_width:5][0m
2025/01/11 15:44:13 main.go:292: [34mMax instance check passed[0m
2025/01/11 15:44:13 main.go:255: [33mMax instances: [37m			0[0m
2025/01/11 15:44:13 main.go:255: [33mProcessed instances: [37m			4[0m
2025/01/11 15:44:13 main.go:255: [33moutputPath: [37m			examples/screw-in-button/export/v1.17/has_part_letter/button-height-20-width-5-button-profile-50_E[0m
2025/01/11 15:44:13 main.go:255: [33mexportFolderPath: [37m			examples/screw-in-button/export/v1.17/has_part_letter[0m
2025/01/11 15:44:13 main.go:255: [33mexportFolderPath to check:: [37m			examples/screw-in-button/export/v1.17/has_part_letter[0m
2025/01/11 15:44:13 main.go:292: [34mCopying design file to export folder[0m
2025/01/11 15:44:13 main.go:255: [33mDesign file: [37m			./examples/screw-in-button/Button.scad[0m
2025/01/11 15:44:13 main.go:255: [33mExport folder: [37m			examples/screw-in-button/export/v1.17/has_part_letter[0m
2025/01/11 15:44:13 main.go:255: [33mCustomParameter [button_width]: [37m			5[0m
2025/01/11 15:44:13 main.go:255: [33mCustomParameter [button_radius]: [37m			50[0m
2025/01/11 15:44:13 main.go:255: [33mCustomParameter [button_height]: [37m			20[0m
2025/01/11 15:44:13 main.go:255: [33mOptionalPartIDLetter set on model: [37m			E[0m
2025/01/11 15:44:13 main.go:255: [33mOverrideFN: [37m			300[0m
2025/01/11 15:44:13 main.go:255: [33mInputPath: [37m			./examples/screw-in-button/Button.scad[0m
2025/01/11 15:44:13 main.go:292: [34mRunning openscad[0m
2025/01/11 15:44:13 main.go:255: [33mCommand: [37m			openscad -o examples/screw-in-button/export/v1.17/has_part_letter/button-height-20-width-5-button-profile-50_E.stl -D button_width=5 -D button_radius=50 -D button_height=20 -D 'optional_part_id_letter="E"' -D '$fn=300' ./examples/screw-in-button/Button.scad --export-format binstl --render[0m
Geometries in cache: 12
Geometry cache size in bytes: 8127120
CGAL Polyhedrons in cache: 1
CGAL cache size in bytes: 39731920
Total rendering time: 0:00:21.629
Top level object is a 3D object (Nef polyhedron):
   Simple:     yes
   Vertices:    14112
   Halfedges:   77128
   Edges:       38564
   Halffacets:  48910
   Facets:      24455
   Volumes:         2
2025/01/11 15:44:35 main.go:292: [34mSetting metadata[0m
2025/01/11 15:44:35 main.go:255: [33mSet xattr: [37m			user.openscadgen.version[0m
2025/01/11 15:44:35 main.go:255: [33mSet xattr: [37m			user.openscadgen.instance[0m
2025/01/11 15:44:35 main.go:255: [33mSet xattr: [37m			user.openscadgen.params.button_width[0m
2025/01/11 15:44:35 main.go:255: [33mSet xattr: [37m			user.openscadgen.params.button_radius[0m
2025/01/11 15:44:35 main.go:255: [33mSet xattr: [37m			user.openscadgen.params.button_height[0m
2025/01/11 15:44:35 main.go:255: [33mSet build info in file attributes: [37m			examples/screw-in-button/export/v1.17/has_part_letter/button-height-20-width-5-button-profile-50_E.stl[0m
2025/01/11 15:44:35 main.go:292: [34m
Dynamic Model - (5/20) [5 processed] - 'button-height-50-width-5-button-profile-50_F' [0m
2025/01/11 15:44:35 main.go:255: [33mParams: [37m			map[button_height:50 button_radius:50 button_width:5][0m
2025/01/11 15:44:35 main.go:292: [34mMax instance check passed[0m
2025/01/11 15:44:35 main.go:255: [33mMax instances: [37m			0[0m
2025/01/11 15:44:35 main.go:255: [33mProcessed instances: [37m			5[0m
2025/01/11 15:44:35 main.go:255: [33moutputPath: [37m			examples/screw-in-button/export/v1.17/has_part_letter/button-height-50-width-5-button-profile-50_F[0m
2025/01/11 15:44:35 main.go:255: [33mexportFolderPath: [37m			examples/screw-in-button/export/v1.17/has_part_letter[0m
2025/01/11 15:44:35 main.go:255: [33mexportFolderPath to check:: [37m			examples/screw-in-button/export/v1.17/has_part_letter[0m
2025/01/11 15:44:35 main.go:292: [34mCopying design file to export folder[0m
2025/01/11 15:44:35 main.go:255: [33mDesign file: [37m			./examples/screw-in-button/Button.scad[0m
2025/01/11 15:44:35 main.go:255: [33mExport folder: [37m			examples/screw-in-button/export/v1.17/has_part_letter[0m
2025/01/11 15:44:35 main.go:255: [33mCustomParameter [button_width]: [37m			5[0m
2025/01/11 15:44:35 main.go:255: [33mCustomParameter [button_radius]: [37m			50[0m
2025/01/11 15:44:35 main.go:255: [33mCustomParameter [button_height]: [37m			50[0m
2025/01/11 15:44:35 main.go:255: [33mOptionalPartIDLetter set on model: [37m			F[0m
2025/01/11 15:44:35 main.go:255: [33mOverrideFN: [37m			300[0m
2025/01/11 15:44:35 main.go:255: [33mInputPath: [37m			./examples/screw-in-button/Button.scad[0m
2025/01/11 15:44:35 main.go:292: [34mRunning openscad[0m
2025/01/11 15:44:35 main.go:255: [33mCommand: [37m			openscad -o examples/screw-in-button/export/v1.17/has_part_letter/button-height-50-width-5-button-profile-50_F.stl -D button_width=5 -D button_radius=50 -D button_height=50 -D 'optional_part_id_letter="F"' -D '$fn=300' ./examples/screw-in-button/Button.scad --export-format binstl --render[0m
Geometries in cache: 12
Geometry cache size in bytes: 8125936
CGAL Polyhedrons in cache: 1
CGAL cache size in bytes: 67550800
Total rendering time: 0:00:28.334
Top level object is a 3D object (Nef polyhedron):
   Simple:     yes
   Vertices:    23112
   Halfedges:  131484
   Edges:       65742
   Halffacets:  85266
   Facets:      42633
   Volumes:         2
2025/01/11 15:45:04 main.go:292: [34mSetting metadata[0m
2025/01/11 15:45:04 main.go:255: [33mSet xattr: [37m			user.openscadgen.params.button_width[0m
2025/01/11 15:45:04 main.go:255: [33mSet xattr: [37m			user.openscadgen.params.button_radius[0m
2025/01/11 15:45:04 main.go:255: [33mSet xattr: [37m			user.openscadgen.params.button_height[0m
2025/01/11 15:45:04 main.go:255: [33mSet xattr: [37m			user.openscadgen.version[0m
2025/01/11 15:45:04 main.go:255: [33mSet xattr: [37m			user.openscadgen.instance[0m
2025/01/11 15:45:04 main.go:255: [33mSet build info in file attributes: [37m			examples/screw-in-button/export/v1.17/has_part_letter/button-height-50-width-5-button-profile-50_F.stl[0m
2025/01/11 15:45:04 main.go:292: [34m
Dynamic Model - (6/20) [6 processed] - 'button-height-1-width-10-button-profile-50_G' [0m
2025/01/11 15:45:04 main.go:255: [33mParams: [37m			map[button_height:1 button_radius:50 button_width:10][0m
2025/01/11 15:45:04 main.go:292: [34mMax instance check passed[0m
2025/01/11 15:45:04 main.go:255: [33mMax instances: [37m			0[0m
2025/01/11 15:45:04 main.go:255: [33mProcessed instances: [37m			6[0m
2025/01/11 15:45:04 main.go:255: [33moutputPath: [37m			examples/screw-in-button/export/v1.17/has_part_letter/button-height-1-width-10-button-profile-50_G[0m
2025/01/11 15:45:04 main.go:255: [33mexportFolderPath: [37m			examples/screw-in-button/export/v1.17/has_part_letter[0m
2025/01/11 15:45:04 main.go:255: [33mexportFolderPath to check:: [37m			examples/screw-in-button/export/v1.17/has_part_letter[0m
2025/01/11 15:45:04 main.go:292: [34mCopying design file to export folder[0m
2025/01/11 15:45:04 main.go:255: [33mDesign file: [37m			./examples/screw-in-button/Button.scad[0m
2025/01/11 15:45:04 main.go:255: [33mExport folder: [37m			examples/screw-in-button/export/v1.17/has_part_letter[0m
2025/01/11 15:45:04 main.go:255: [33mCustomParameter [button_width]: [37m			10[0m
2025/01/11 15:45:04 main.go:255: [33mCustomParameter [button_radius]: [37m			50[0m
2025/01/11 15:45:04 main.go:255: [33mCustomParameter [button_height]: [37m			1[0m
2025/01/11 15:45:04 main.go:255: [33mOptionalPartIDLetter set on model: [37m			G[0m
2025/01/11 15:45:04 main.go:255: [33mOverrideFN: [37m			300[0m
2025/01/11 15:45:04 main.go:255: [33mInputPath: [37m			./examples/screw-in-button/Button.scad[0m
2025/01/11 15:45:04 main.go:292: [34mRunning openscad[0m
2025/01/11 15:45:04 main.go:255: [33mCommand: [37m			openscad -o examples/screw-in-button/export/v1.17/has_part_letter/button-height-1-width-10-button-profile-50_G.stl -D button_width=10 -D button_radius=50 -D button_height=1 -D 'optional_part_id_letter="G"' -D '$fn=300' ./examples/screw-in-button/Button.scad --export-format binstl --render[0m
Geometries in cache: 12
Geometry cache size in bytes: 8461008
CGAL Polyhedrons in cache: 1
CGAL cache size in bytes: 23217616
Total rendering time: 0:00:21.320
Top level object is a 3D object (Nef polyhedron):
   Simple:     yes
   Vertices:     9240
   Halfedges:   44672
   Edges:       22336
   Halffacets:  26198
   Facets:      13099
   Volumes:         2
2025/01/11 15:45:25 main.go:292: [34mSetting metadata[0m
2025/01/11 15:45:25 main.go:255: [33mSet xattr: [37m			user.openscadgen.instance[0m
2025/01/11 15:45:25 main.go:255: [33mSet xattr: [37m			user.openscadgen.params.button_width[0m
2025/01/11 15:45:25 main.go:255: [33mSet xattr: [37m			user.openscadgen.params.button_radius[0m
2025/01/11 15:45:25 main.go:255: [33mSet xattr: [37m			user.openscadgen.params.button_height[0m
2025/01/11 15:45:25 main.go:255: [33mSet xattr: [37m			user.openscadgen.version[0m
2025/01/11 15:45:25 main.go:255: [33mSet build info in file attributes: [37m			examples/screw-in-button/export/v1.17/has_part_letter/button-height-1-width-10-button-profile-50_G.stl[0m
2025/01/11 15:45:25 main.go:292: [34m
Dynamic Model - (7/20) [7 processed] - 'button-height-3-width-10-button-profile-50_H' [0m
2025/01/11 15:45:25 main.go:255: [33mParams: [37m			map[button_height:3 button_radius:50 button_width:10][0m
2025/01/11 15:45:25 main.go:292: [34mMax instance check passed[0m
2025/01/11 15:45:25 main.go:255: [33mMax instances: [37m			0[0m
2025/01/11 15:45:25 main.go:255: [33mProcessed instances: [37m			7[0m
2025/01/11 15:45:25 main.go:255: [33moutputPath: [37m			examples/screw-in-button/export/v1.17/has_part_letter/button-height-3-width-10-button-profile-50_H[0m
2025/01/11 15:45:25 main.go:255: [33mexportFolderPath: [37m			examples/screw-in-button/export/v1.17/has_part_letter[0m
2025/01/11 15:45:25 main.go:255: [33mexportFolderPath to check:: [37m			examples/screw-in-button/export/v1.17/has_part_letter[0m
2025/01/11 15:45:25 main.go:292: [34mCopying design file to export folder[0m
2025/01/11 15:45:25 main.go:255: [33mDesign file: [37m			./examples/screw-in-button/Button.scad[0m
2025/01/11 15:45:25 main.go:255: [33mExport folder: [37m			examples/screw-in-button/export/v1.17/has_part_letter[0m
2025/01/11 15:45:25 main.go:255: [33mCustomParameter [button_width]: [37m			10[0m
2025/01/11 15:45:25 main.go:255: [33mCustomParameter [button_radius]: [37m			50[0m
2025/01/11 15:45:25 main.go:255: [33mCustomParameter [button_height]: [37m			3[0m
2025/01/11 15:45:25 main.go:255: [33mOptionalPartIDLetter set on model: [37m			H[0m
2025/01/11 15:45:25 main.go:255: [33mOverrideFN: [37m			300[0m
2025/01/11 15:45:25 main.go:255: [33mInputPath: [37m			./examples/screw-in-button/Button.scad[0m
2025/01/11 15:45:25 main.go:292: [34mRunning openscad[0m
2025/01/11 15:45:25 main.go:255: [33mCommand: [37m			openscad -o examples/screw-in-button/export/v1.17/has_part_letter/button-height-3-width-10-button-profile-50_H.stl -D button_width=10 -D button_radius=50 -D button_height=3 -D 'optional_part_id_letter="H"' -D '$fn=300' ./examples/screw-in-button/Button.scad --export-format binstl --render[0m
Geometries in cache: 12
Geometry cache size in bytes: 8127120
CGAL Polyhedrons in cache: 1
CGAL cache size in bytes: 24130000
Total rendering time: 0:00:18.233
Top level object is a 3D object (Nef polyhedron):
   Simple:     yes
   Vertices:     9012
   Halfedges:   46664
   Edges:       23332
   Halffacets:  28646
   Facets:      14323
   Volumes:         2
2025/01/11 15:45:43 main.go:292: [34mSetting metadata[0m
2025/01/11 15:45:43 main.go:255: [33mSet xattr: [37m			user.openscadgen.params.button_width[0m
2025/01/11 15:45:43 main.go:255: [33mSet xattr: [37m			user.openscadgen.params.button_radius[0m
2025/01/11 15:45:43 main.go:255: [33mSet xattr: [37m			user.openscadgen.params.button_height[0m
2025/01/11 15:45:43 main.go:255: [33mSet xattr: [37m			user.openscadgen.version[0m
2025/01/11 15:45:43 main.go:255: [33mSet xattr: [37m			user.openscadgen.instance[0m
2025/01/11 15:45:43 main.go:255: [33mSet build info in file attributes: [37m			examples/screw-in-button/export/v1.17/has_part_letter/button-height-3-width-10-button-profile-50_H.stl[0m
2025/01/11 15:45:43 main.go:292: [34m
Dynamic Model - (8/20) [8 processed] - 'button-height-5-width-10-button-profile-50_I' [0m
2025/01/11 15:45:43 main.go:255: [33mParams: [37m			map[button_height:5 button_radius:50 button_width:10][0m
2025/01/11 15:45:43 main.go:292: [34mMax instance check passed[0m
2025/01/11 15:45:43 main.go:255: [33mMax instances: [37m			0[0m
2025/01/11 15:45:43 main.go:255: [33mProcessed instances: [37m			8[0m
2025/01/11 15:45:43 main.go:255: [33moutputPath: [37m			examples/screw-in-button/export/v1.17/has_part_letter/button-height-5-width-10-button-profile-50_I[0m
2025/01/11 15:45:43 main.go:255: [33mexportFolderPath: [37m			examples/screw-in-button/export/v1.17/has_part_letter[0m
2025/01/11 15:45:43 main.go:255: [33mexportFolderPath to check:: [37m			examples/screw-in-button/export/v1.17/has_part_letter[0m
2025/01/11 15:45:43 main.go:292: [34mCopying design file to export folder[0m
2025/01/11 15:45:43 main.go:255: [33mDesign file: [37m			./examples/screw-in-button/Button.scad[0m
2025/01/11 15:45:43 main.go:255: [33mExport folder: [37m			examples/screw-in-button/export/v1.17/has_part_letter[0m
2025/01/11 15:45:43 main.go:255: [33mCustomParameter [button_radius]: [37m			50[0m
2025/01/11 15:45:43 main.go:255: [33mCustomParameter [button_height]: [37m			5[0m
2025/01/11 15:45:43 main.go:255: [33mCustomParameter [button_width]: [37m			10[0m
2025/01/11 15:45:43 main.go:255: [33mOptionalPartIDLetter set on model: [37m			I[0m
2025/01/11 15:45:43 main.go:255: [33mOverrideFN: [37m			300[0m
2025/01/11 15:45:43 main.go:255: [33mInputPath: [37m			./examples/screw-in-button/Button.scad[0m
2025/01/11 15:45:43 main.go:292: [34mRunning openscad[0m
2025/01/11 15:45:43 main.go:255: [33mCommand: [37m			openscad -o examples/screw-in-button/export/v1.17/has_part_letter/button-height-5-width-10-button-profile-50_I.stl -D button_radius=50 -D button_height=5 -D button_width=10 -D 'optional_part_id_letter="I"' -D '$fn=300' ./examples/screw-in-button/Button.scad --export-format binstl --render[0m
Geometries in cache: 12
Geometry cache size in bytes: 8122384
CGAL Polyhedrons in cache: 1
CGAL cache size in bytes: 27774928
Total rendering time: 0:00:19.051
Top level object is a 3D object (Nef polyhedron):
   Simple:     yes
   Vertices:    10196
   Halfedges:   53784
   Edges:       26892
   Halffacets:  33398
   Facets:      16699
   Volumes:         2
2025/01/11 15:46:02 main.go:292: [34mSetting metadata[0m
2025/01/11 15:46:02 main.go:255: [33mSet xattr: [37m			user.openscadgen.params.button_width[0m
2025/01/11 15:46:02 main.go:255: [33mSet xattr: [37m			user.openscadgen.params.button_radius[0m
2025/01/11 15:46:02 main.go:255: [33mSet xattr: [37m			user.openscadgen.params.button_height[0m
2025/01/11 15:46:02 main.go:255: [33mSet xattr: [37m			user.openscadgen.version[0m
2025/01/11 15:46:02 main.go:255: [33mSet xattr: [37m			user.openscadgen.instance[0m
2025/01/11 15:46:02 main.go:255: [33mSet build info in file attributes: [37m			examples/screw-in-button/export/v1.17/has_part_letter/button-height-5-width-10-button-profile-50_I.stl[0m
2025/01/11 15:46:02 main.go:292: [34m
Dynamic Model - (9/20) [9 processed] - 'button-height-10-width-10-button-profile-50_J' [0m
2025/01/11 15:46:02 main.go:255: [33mParams: [37m			map[button_height:10 button_radius:50 button_width:10][0m
2025/01/11 15:46:02 main.go:292: [34mMax instance check passed[0m
2025/01/11 15:46:02 main.go:255: [33mMax instances: [37m			0[0m
2025/01/11 15:46:02 main.go:255: [33mProcessed instances: [37m			9[0m
2025/01/11 15:46:02 main.go:255: [33moutputPath: [37m			examples/screw-in-button/export/v1.17/has_part_letter/button-height-10-width-10-button-profile-50_J[0m
2025/01/11 15:46:02 main.go:255: [33mexportFolderPath: [37m			examples/screw-in-button/export/v1.17/has_part_letter[0m
2025/01/11 15:46:02 main.go:255: [33mexportFolderPath to check:: [37m			examples/screw-in-button/export/v1.17/has_part_letter[0m
2025/01/11 15:46:02 main.go:292: [34mCopying design file to export folder[0m
2025/01/11 15:46:02 main.go:255: [33mDesign file: [37m			./examples/screw-in-button/Button.scad[0m
2025/01/11 15:46:02 main.go:255: [33mExport folder: [37m			examples/screw-in-button/export/v1.17/has_part_letter[0m
2025/01/11 15:46:02 main.go:255: [33mCustomParameter [button_width]: [37m			10[0m
2025/01/11 15:46:02 main.go:255: [33mCustomParameter [button_radius]: [37m			50[0m
2025/01/11 15:46:02 main.go:255: [33mCustomParameter [button_height]: [37m			10[0m
2025/01/11 15:46:02 main.go:255: [33mOptionalPartIDLetter set on model: [37m			J[0m
2025/01/11 15:46:02 main.go:255: [33mOverrideFN: [37m			300[0m
2025/01/11 15:46:02 main.go:255: [33mInputPath: [37m			./examples/screw-in-button/Button.scad[0m
2025/01/11 15:46:02 main.go:292: [34mRunning openscad[0m
2025/01/11 15:46:02 main.go:255: [33mCommand: [37m			openscad -o examples/screw-in-button/export/v1.17/has_part_letter/button-height-10-width-10-button-profile-50_J.stl -D button_width=10 -D button_radius=50 -D button_height=10 -D 'optional_part_id_letter="J"' -D '$fn=300' ./examples/screw-in-button/Button.scad --export-format binstl --render[0m
Geometries in cache: 12
Geometry cache size in bytes: 8303536
CGAL Polyhedrons in cache: 1
CGAL cache size in bytes: 35198032
Total rendering time: 0:00:23.040
Top level object is a 3D object (Nef polyhedron):
   Simple:     yes
   Vertices:    12908
   Halfedges:   68164
   Edges:       34082
   Halffacets:  42354
   Facets:      21177
   Volumes:         2
2025/01/11 15:46:25 main.go:292: [34mSetting metadata[0m
2025/01/11 15:46:25 main.go:255: [33mSet xattr: [37m			user.openscadgen.version[0m
2025/01/11 15:46:25 main.go:255: [33mSet xattr: [37m			user.openscadgen.instance[0m
2025/01/11 15:46:25 main.go:255: [33mSet xattr: [37m			user.openscadgen.params.button_width[0m
2025/01/11 15:46:25 main.go:255: [33mSet xattr: [37m			user.openscadgen.params.button_radius[0m
2025/01/11 15:46:25 main.go:255: [33mSet xattr: [37m			user.openscadgen.params.button_height[0m
2025/01/11 15:46:25 main.go:255: [33mSet build info in file attributes: [37m			examples/screw-in-button/export/v1.17/has_part_letter/button-height-10-width-10-button-profile-50_J.stl[0m
2025/01/11 15:46:25 main.go:292: [34m
Dynamic Model - (10/20) [10 processed] - 'button-height-20-width-10-button-profile-50_K' [0m
2025/01/11 15:46:25 main.go:255: [33mParams: [37m			map[button_height:20 button_radius:50 button_width:10][0m
2025/01/11 15:46:25 main.go:292: [34mMax instance check passed[0m
2025/01/11 15:46:25 main.go:255: [33mMax instances: [37m			0[0m
2025/01/11 15:46:25 main.go:255: [33mProcessed instances: [37m			10[0m
2025/01/11 15:46:25 main.go:255: [33moutputPath: [37m			examples/screw-in-button/export/v1.17/has_part_letter/button-height-20-width-10-button-profile-50_K[0m
2025/01/11 15:46:25 main.go:255: [33mexportFolderPath: [37m			examples/screw-in-button/export/v1.17/has_part_letter[0m
2025/01/11 15:46:25 main.go:255: [33mexportFolderPath to check:: [37m			examples/screw-in-button/export/v1.17/has_part_letter[0m
2025/01/11 15:46:25 main.go:292: [34mCopying design file to export folder[0m
2025/01/11 15:46:25 main.go:255: [33mDesign file: [37m			./examples/screw-in-button/Button.scad[0m
2025/01/11 15:46:25 main.go:255: [33mExport folder: [37m			examples/screw-in-button/export/v1.17/has_part_letter[0m
2025/01/11 15:46:25 main.go:255: [33mCustomParameter [button_width]: [37m			10[0m
2025/01/11 15:46:25 main.go:255: [33mCustomParameter [button_radius]: [37m			50[0m
2025/01/11 15:46:25 main.go:255: [33mCustomParameter [button_height]: [37m			20[0m
2025/01/11 15:46:25 main.go:255: [33mOptionalPartIDLetter set on model: [37m			K[0m
2025/01/11 15:46:25 main.go:255: [33mOverrideFN: [37m			300[0m
2025/01/11 15:46:25 main.go:255: [33mInputPath: [37m			./examples/screw-in-button/Button.scad[0m
2025/01/11 15:46:25 main.go:292: [34mRunning openscad[0m
2025/01/11 15:46:25 main.go:255: [33mCommand: [37m			openscad -o examples/screw-in-button/export/v1.17/has_part_letter/button-height-20-width-10-button-profile-50_K.stl -D button_width=10 -D button_radius=50 -D button_height=20 -D 'optional_part_id_letter="K"' -D '$fn=300' ./examples/screw-in-button/Button.scad --export-format binstl --render[0m
Geometries in cache: 12
Geometry cache size in bytes: 8127120
CGAL Polyhedrons in cache: 1
CGAL cache size in bytes: 45238480
Total rendering time: 0:00:23.335
Top level object is a 3D object (Nef polyhedron):
   Simple:     yes
   Vertices:    15912
   Halfedges:   87880
   Edges:       43940
   Halffacets:  56062
   Facets:      28031
   Volumes:         2
2025/01/11 15:46:49 main.go:292: [34mSetting metadata[0m
2025/01/11 15:46:49 main.go:255: [33mSet xattr: [37m			user.openscadgen.version[0m
2025/01/11 15:46:49 main.go:255: [33mSet xattr: [37m			user.openscadgen.instance[0m
2025/01/11 15:46:49 main.go:255: [33mSet xattr: [37m			user.openscadgen.params.button_radius[0m
2025/01/11 15:46:49 main.go:255: [33mSet xattr: [37m			user.openscadgen.params.button_height[0m
2025/01/11 15:46:49 main.go:255: [33mSet xattr: [37m			user.openscadgen.params.button_width[0m
2025/01/11 15:46:49 main.go:255: [33mSet build info in file attributes: [37m			examples/screw-in-button/export/v1.17/has_part_letter/button-height-20-width-10-button-profile-50_K.stl[0m
2025/01/11 15:46:49 main.go:292: [34m
Dynamic Model - (11/20) [11 processed] - 'button-height-50-width-10-button-profile-50_L' [0m
2025/01/11 15:46:49 main.go:255: [33mParams: [37m			map[button_height:50 button_radius:50 button_width:10][0m
2025/01/11 15:46:49 main.go:292: [34mMax instance check passed[0m
2025/01/11 15:46:49 main.go:255: [33mMax instances: [37m			0[0m
2025/01/11 15:46:49 main.go:255: [33mProcessed instances: [37m			11[0m
2025/01/11 15:46:49 main.go:255: [33moutputPath: [37m			examples/screw-in-button/export/v1.17/has_part_letter/button-height-50-width-10-button-profile-50_L[0m
2025/01/11 15:46:49 main.go:255: [33mexportFolderPath: [37m			examples/screw-in-button/export/v1.17/has_part_letter[0m
2025/01/11 15:46:49 main.go:255: [33mexportFolderPath to check:: [37m			examples/screw-in-button/export/v1.17/has_part_letter[0m
2025/01/11 15:46:49 main.go:292: [34mCopying design file to export folder[0m
2025/01/11 15:46:49 main.go:255: [33mDesign file: [37m			./examples/screw-in-button/Button.scad[0m
2025/01/11 15:46:49 main.go:255: [33mExport folder: [37m			examples/screw-in-button/export/v1.17/has_part_letter[0m
2025/01/11 15:46:49 main.go:255: [33mCustomParameter [button_width]: [37m			10[0m
2025/01/11 15:46:49 main.go:255: [33mCustomParameter [button_radius]: [37m			50[0m
2025/01/11 15:46:49 main.go:255: [33mCustomParameter [button_height]: [37m			50[0m
2025/01/11 15:46:49 main.go:255: [33mOptionalPartIDLetter set on model: [37m			L[0m
2025/01/11 15:46:49 main.go:255: [33mOverrideFN: [37m			300[0m
2025/01/11 15:46:49 main.go:255: [33mInputPath: [37m			./examples/screw-in-button/Button.scad[0m
2025/01/11 15:46:49 main.go:292: [34mRunning openscad[0m
2025/01/11 15:46:49 main.go:255: [33mCommand: [37m			openscad -o examples/screw-in-button/export/v1.17/has_part_letter/button-height-50-width-10-button-profile-50_L.stl -D button_width=10 -D button_radius=50 -D button_height=50 -D 'optional_part_id_letter="L"' -D '$fn=300' ./examples/screw-in-button/Button.scad --export-format binstl --render[0m
Geometries in cache: 12
Geometry cache size in bytes: 8123568
CGAL Polyhedrons in cache: 1
CGAL cache size in bytes: 72467536
Total rendering time: 0:00:29.171
Top level object is a 3D object (Nef polyhedron):
   Simple:     yes
   Vertices:    24900
   Halfedges:  141012
   Edges:       70506
   Halffacets:  91218
   Facets:      45609
   Volumes:         2
2025/01/11 15:47:18 main.go:292: [34mSetting metadata[0m
2025/01/11 15:47:18 main.go:255: [33mSet xattr: [37m			user.openscadgen.version[0m
2025/01/11 15:47:18 main.go:255: [33mSet xattr: [37m			user.openscadgen.instance[0m
2025/01/11 15:47:18 main.go:255: [33mSet xattr: [37m			user.openscadgen.params.button_radius[0m
2025/01/11 15:47:18 main.go:255: [33mSet xattr: [37m			user.openscadgen.params.button_height[0m
2025/01/11 15:47:18 main.go:255: [33mSet xattr: [37m			user.openscadgen.params.button_width[0m
2025/01/11 15:47:18 main.go:255: [33mSet build info in file attributes: [37m			examples/screw-in-button/export/v1.17/has_part_letter/button-height-50-width-10-button-profile-50_L.stl[0m
2025/01/11 15:47:18 main.go:292: [34m
Dynamic Model - (12/20) [12 processed] - 'button-height-5-width-5-button-profile-90_M' [0m
2025/01/11 15:47:18 main.go:255: [33mParams: [37m			map[button_height:5 button_radius:90 button_width:5][0m
2025/01/11 15:47:18 main.go:292: [34mMax instance check passed[0m
2025/01/11 15:47:18 main.go:255: [33mMax instances: [37m			0[0m
2025/01/11 15:47:18 main.go:255: [33mProcessed instances: [37m			12[0m
2025/01/11 15:47:18 main.go:255: [33moutputPath: [37m			examples/screw-in-button/export/v1.17/has_part_letter/button-height-5-width-5-button-profile-90_M[0m
2025/01/11 15:47:18 main.go:255: [33mexportFolderPath: [37m			examples/screw-in-button/export/v1.17/has_part_letter[0m
2025/01/11 15:47:18 main.go:255: [33mexportFolderPath to check:: [37m			examples/screw-in-button/export/v1.17/has_part_letter[0m
2025/01/11 15:47:18 main.go:292: [34mCopying design file to export folder[0m
2025/01/11 15:47:18 main.go:255: [33mDesign file: [37m			./examples/screw-in-button/Button.scad[0m
2025/01/11 15:47:18 main.go:255: [33mExport folder: [37m			examples/screw-in-button/export/v1.17/has_part_letter[0m
2025/01/11 15:47:18 main.go:255: [33mCustomParameter [button_height]: [37m			5[0m
2025/01/11 15:47:18 main.go:255: [33mCustomParameter [button_width]: [37m			5[0m
2025/01/11 15:47:18 main.go:255: [33mCustomParameter [button_radius]: [37m			90[0m
2025/01/11 15:47:18 main.go:255: [33mOptionalPartIDLetter set on model: [37m			M[0m
2025/01/11 15:47:18 main.go:255: [33mOverrideFN: [37m			300[0m
2025/01/11 15:47:18 main.go:255: [33mInputPath: [37m			./examples/screw-in-button/Button.scad[0m
2025/01/11 15:47:18 main.go:292: [34mRunning openscad[0m
2025/01/11 15:47:18 main.go:255: [33mCommand: [37m			openscad -o examples/screw-in-button/export/v1.17/has_part_letter/button-height-5-width-5-button-profile-90_M.stl -D button_height=5 -D button_width=5 -D button_radius=90 -D 'optional_part_id_letter="M"' -D '$fn=300' ./examples/screw-in-button/Button.scad --export-format binstl --render[0m
Geometries in cache: 12
Geometry cache size in bytes: 8220064
CGAL Polyhedrons in cache: 1
CGAL cache size in bytes: 16379344
Total rendering time: 0:00:17.163
Top level object is a 3D object (Nef polyhedron):
   Simple:     yes
   Vertices:     6624
   Halfedges:   31472
   Edges:       15736
   Halffacets:  18230
   Facets:       9115
   Volumes:         2
2025/01/11 15:47:35 main.go:292: [34mSetting metadata[0m
2025/01/11 15:47:35 main.go:255: [33mSet xattr: [37m			user.openscadgen.version[0m
2025/01/11 15:47:35 main.go:255: [33mSet xattr: [37m			user.openscadgen.instance[0m
2025/01/11 15:47:35 main.go:255: [33mSet xattr: [37m			user.openscadgen.params.button_height[0m
2025/01/11 15:47:35 main.go:255: [33mSet xattr: [37m			user.openscadgen.params.button_width[0m
2025/01/11 15:47:35 main.go:255: [33mSet xattr: [37m			user.openscadgen.params.button_radius[0m
2025/01/11 15:47:35 main.go:255: [33mSet build info in file attributes: [37m			examples/screw-in-button/export/v1.17/has_part_letter/button-height-5-width-5-button-profile-90_M.stl[0m
2025/01/11 15:47:35 main.go:292: [34m
Dynamic Model - (13/20) [13 processed] - 'button-height-5-width-10-button-profile-90_N' [0m
2025/01/11 15:47:35 main.go:255: [33mParams: [37m			map[button_height:5 button_radius:90 button_width:10][0m
2025/01/11 15:47:35 main.go:292: [34mMax instance check passed[0m
2025/01/11 15:47:35 main.go:255: [33mMax instances: [37m			0[0m
2025/01/11 15:47:35 main.go:255: [33mProcessed instances: [37m			13[0m
2025/01/11 15:47:35 main.go:255: [33moutputPath: [37m			examples/screw-in-button/export/v1.17/has_part_letter/button-height-5-width-10-button-profile-90_N[0m
2025/01/11 15:47:35 main.go:255: [33mexportFolderPath: [37m			examples/screw-in-button/export/v1.17/has_part_letter[0m
2025/01/11 15:47:35 main.go:255: [33mexportFolderPath to check:: [37m			examples/screw-in-button/export/v1.17/has_part_letter[0m
2025/01/11 15:47:35 main.go:292: [34mCopying design file to export folder[0m
2025/01/11 15:47:35 main.go:255: [33mDesign file: [37m			./examples/screw-in-button/Button.scad[0m
2025/01/11 15:47:35 main.go:255: [33mExport folder: [37m			examples/screw-in-button/export/v1.17/has_part_letter[0m
2025/01/11 15:47:35 main.go:255: [33mCustomParameter [button_radius]: [37m			90[0m
2025/01/11 15:47:35 main.go:255: [33mCustomParameter [button_height]: [37m			5[0m
2025/01/11 15:47:35 main.go:255: [33mCustomParameter [button_width]: [37m			10[0m
2025/01/11 15:47:35 main.go:255: [33mOptionalPartIDLetter set on model: [37m			N[0m
2025/01/11 15:47:35 main.go:255: [33mOverrideFN: [37m			300[0m
2025/01/11 15:47:35 main.go:255: [33mInputPath: [37m			./examples/screw-in-button/Button.scad[0m
2025/01/11 15:47:35 main.go:292: [34mRunning openscad[0m
2025/01/11 15:47:35 main.go:255: [33mCommand: [37m			openscad -o examples/screw-in-button/export/v1.17/has_part_letter/button-height-5-width-10-button-profile-90_N.stl -D button_radius=90 -D button_height=5 -D button_width=10 -D 'optional_part_id_letter="N"' -D '$fn=300' ./examples/screw-in-button/Button.scad --export-format binstl --render[0m
Geometries in cache: 12
Geometry cache size in bytes: 8170928
CGAL Polyhedrons in cache: 1
CGAL cache size in bytes: 22536016
Total rendering time: 0:00:18.979
Top level object is a 3D object (Nef polyhedron):
   Simple:     yes
   Vertices:     8560
   Halfedges:   43524
   Edges:       21762
   Halffacets:  26410
   Facets:      13205
   Volumes:         2
2025/01/11 15:47:54 main.go:292: [34mSetting metadata[0m
2025/01/11 15:47:54 main.go:255: [33mSet xattr: [37m			user.openscadgen.version[0m
2025/01/11 15:47:54 main.go:255: [33mSet xattr: [37m			user.openscadgen.instance[0m
2025/01/11 15:47:54 main.go:255: [33mSet xattr: [37m			user.openscadgen.params.button_radius[0m
2025/01/11 15:47:54 main.go:255: [33mSet xattr: [37m			user.openscadgen.params.button_height[0m
2025/01/11 15:47:54 main.go:255: [33mSet xattr: [37m			user.openscadgen.params.button_width[0m
2025/01/11 15:47:54 main.go:255: [33mSet build info in file attributes: [37m			examples/screw-in-button/export/v1.17/has_part_letter/button-height-5-width-10-button-profile-90_N.stl[0m
2025/01/11 15:47:54 main.go:292: [34m
Dynamic Model - (14/20) [14 processed] - 'button-height-10-width-5-button-profile-90_O' [0m
2025/01/11 15:47:54 main.go:255: [33mParams: [37m			map[button_height:10 button_radius:90 button_width:5][0m
2025/01/11 15:47:54 main.go:292: [34mMax instance check passed[0m
2025/01/11 15:47:54 main.go:255: [33mMax instances: [37m			0[0m
2025/01/11 15:47:54 main.go:255: [33mProcessed instances: [37m			14[0m
2025/01/11 15:47:54 main.go:255: [33moutputPath: [37m			examples/screw-in-button/export/v1.17/has_part_letter/button-height-10-width-5-button-profile-90_O[0m
2025/01/11 15:47:54 main.go:255: [33mexportFolderPath: [37m			examples/screw-in-button/export/v1.17/has_part_letter[0m
2025/01/11 15:47:54 main.go:255: [33mexportFolderPath to check:: [37m			examples/screw-in-button/export/v1.17/has_part_letter[0m
2025/01/11 15:47:54 main.go:292: [34mCopying design file to export folder[0m
2025/01/11 15:47:54 main.go:255: [33mDesign file: [37m			./examples/screw-in-button/Button.scad[0m
2025/01/11 15:47:54 main.go:255: [33mExport folder: [37m			examples/screw-in-button/export/v1.17/has_part_letter[0m
2025/01/11 15:47:54 main.go:255: [33mCustomParameter [button_width]: [37m			5[0m
2025/01/11 15:47:54 main.go:255: [33mCustomParameter [button_radius]: [37m			90[0m
2025/01/11 15:47:54 main.go:255: [33mCustomParameter [button_height]: [37m			10[0m
2025/01/11 15:47:54 main.go:255: [33mOptionalPartIDLetter set on model: [37m			O[0m
2025/01/11 15:47:54 main.go:255: [33mOverrideFN: [37m			300[0m
2025/01/11 15:47:54 main.go:255: [33mInputPath: [37m			./examples/screw-in-button/Button.scad[0m
2025/01/11 15:47:54 main.go:292: [34mRunning openscad[0m
2025/01/11 15:47:54 main.go:255: [33mCommand: [37m			openscad -o examples/screw-in-button/export/v1.17/has_part_letter/button-height-10-width-5-button-profile-90_O.stl -D button_width=5 -D button_radius=90 -D button_height=10 -D 'optional_part_id_letter="O"' -D '$fn=300' ./examples/screw-in-button/Button.scad --export-format binstl --render[0m
Geometries in cache: 12
Geometry cache size in bytes: 8502624
CGAL Polyhedrons in cache: 1
CGAL cache size in bytes: 24364112
Total rendering time: 0:00:21.832
Top level object is a 3D object (Nef polyhedron):
   Simple:     yes
   Vertices:     9680
   Halfedges:   46884
   Edges:       23442
   Halffacets:  27532
   Facets:      13766
   Volumes:         2
2025/01/11 15:48:16 main.go:292: [34mSetting metadata[0m
2025/01/11 15:48:16 main.go:255: [33mSet xattr: [37m			user.openscadgen.version[0m
2025/01/11 15:48:16 main.go:255: [33mSet xattr: [37m			user.openscadgen.instance[0m
2025/01/11 15:48:16 main.go:255: [33mSet xattr: [37m			user.openscadgen.params.button_height[0m
2025/01/11 15:48:16 main.go:255: [33mSet xattr: [37m			user.openscadgen.params.button_width[0m
2025/01/11 15:48:16 main.go:255: [33mSet xattr: [37m			user.openscadgen.params.button_radius[0m
2025/01/11 15:48:16 main.go:255: [33mSet build info in file attributes: [37m			examples/screw-in-button/export/v1.17/has_part_letter/button-height-10-width-5-button-profile-90_O.stl[0m
2025/01/11 15:48:16 main.go:292: [34m
Dynamic Model - (15/20) [15 processed] - 'button-height-10-width-10-button-profile-90_P' [0m
2025/01/11 15:48:16 main.go:255: [33mParams: [37m			map[button_height:10 button_radius:90 button_width:10][0m
2025/01/11 15:48:16 main.go:292: [34mMax instance check passed[0m
2025/01/11 15:48:16 main.go:255: [33mMax instances: [37m			0[0m
2025/01/11 15:48:16 main.go:255: [33mProcessed instances: [37m			15[0m
2025/01/11 15:48:16 main.go:255: [33moutputPath: [37m			examples/screw-in-button/export/v1.17/has_part_letter/button-height-10-width-10-button-profile-90_P[0m
2025/01/11 15:48:16 main.go:255: [33mexportFolderPath: [37m			examples/screw-in-button/export/v1.17/has_part_letter[0m
2025/01/11 15:48:16 main.go:255: [33mexportFolderPath to check:: [37m			examples/screw-in-button/export/v1.17/has_part_letter[0m
2025/01/11 15:48:16 main.go:292: [34mCopying design file to export folder[0m
2025/01/11 15:48:16 main.go:255: [33mDesign file: [37m			./examples/screw-in-button/Button.scad[0m
2025/01/11 15:48:16 main.go:255: [33mExport folder: [37m			examples/screw-in-button/export/v1.17/has_part_letter[0m
2025/01/11 15:48:16 main.go:255: [33mCustomParameter [button_radius]: [37m			90[0m
2025/01/11 15:48:16 main.go:255: [33mCustomParameter [button_height]: [37m			10[0m
2025/01/11 15:48:16 main.go:255: [33mCustomParameter [button_width]: [37m			10[0m
2025/01/11 15:48:16 main.go:255: [33mOptionalPartIDLetter set on model: [37m			P[0m
2025/01/11 15:48:16 main.go:255: [33mOverrideFN: [37m			300[0m
2025/01/11 15:48:16 main.go:255: [33mInputPath: [37m			./examples/screw-in-button/Button.scad[0m
2025/01/11 15:48:16 main.go:292: [34mRunning openscad[0m
2025/01/11 15:48:16 main.go:255: [33mCommand: [37m			openscad -o examples/screw-in-button/export/v1.17/has_part_letter/button-height-10-width-10-button-profile-90_P.stl -D button_radius=90 -D button_height=10 -D button_width=10 -D 'optional_part_id_letter="P"' -D '$fn=300' ./examples/screw-in-button/Button.scad --export-format binstl --render[0m
Geometries in cache: 12
Geometry cache size in bytes: 8304896
CGAL Polyhedrons in cache: 1
CGAL cache size in bytes: 27862736
Total rendering time: 0:00:21.438
Top level object is a 3D object (Nef polyhedron):
   Simple:     yes
   Vertices:    10512
   Halfedges:   53840
   Edges:       26920
   Halffacets:  32824
   Facets:      16412
   Volumes:         2
2025/01/11 15:48:38 main.go:292: [34mSetting metadata[0m
2025/01/11 15:48:38 main.go:255: [33mSet xattr: [37m			user.openscadgen.instance[0m
2025/01/11 15:48:38 main.go:255: [33mSet xattr: [37m			user.openscadgen.params.button_radius[0m
2025/01/11 15:48:38 main.go:255: [33mSet xattr: [37m			user.openscadgen.params.button_height[0m
2025/01/11 15:48:38 main.go:255: [33mSet xattr: [37m			user.openscadgen.params.button_width[0m
2025/01/11 15:48:38 main.go:255: [33mSet xattr: [37m			user.openscadgen.version[0m
2025/01/11 15:48:38 main.go:255: [33mSet build info in file attributes: [37m			examples/screw-in-button/export/v1.17/has_part_letter/button-height-10-width-10-button-profile-90_P.stl[0m
2025/01/11 15:48:38 main.go:292: [34m
Dynamic Model - (16/20) [16 processed] - 'button-height-20-width-5-button-profile-90_Q' [0m
2025/01/11 15:48:38 main.go:255: [33mParams: [37m			map[button_height:20 button_radius:90 button_width:5][0m
2025/01/11 15:48:38 main.go:292: [34mMax instance check passed[0m
2025/01/11 15:48:38 main.go:255: [33mMax instances: [37m			0[0m
2025/01/11 15:48:38 main.go:255: [33mProcessed instances: [37m			16[0m
2025/01/11 15:48:38 main.go:255: [33moutputPath: [37m			examples/screw-in-button/export/v1.17/has_part_letter/button-height-20-width-5-button-profile-90_Q[0m
2025/01/11 15:48:38 main.go:255: [33mexportFolderPath: [37m			examples/screw-in-button/export/v1.17/has_part_letter[0m
2025/01/11 15:48:38 main.go:255: [33mexportFolderPath to check:: [37m			examples/screw-in-button/export/v1.17/has_part_letter[0m
2025/01/11 15:48:38 main.go:292: [34mCopying design file to export folder[0m
2025/01/11 15:48:38 main.go:255: [33mDesign file: [37m			./examples/screw-in-button/Button.scad[0m
2025/01/11 15:48:38 main.go:255: [33mExport folder: [37m			examples/screw-in-button/export/v1.17/has_part_letter[0m
2025/01/11 15:48:38 main.go:255: [33mCustomParameter [button_radius]: [37m			90[0m
2025/01/11 15:48:38 main.go:255: [33mCustomParameter [button_height]: [37m			20[0m
2025/01/11 15:48:38 main.go:255: [33mCustomParameter [button_width]: [37m			5[0m
2025/01/11 15:48:38 main.go:255: [33mOptionalPartIDLetter set on model: [37m			Q[0m
2025/01/11 15:48:38 main.go:255: [33mOverrideFN: [37m			300[0m
2025/01/11 15:48:38 main.go:255: [33mInputPath: [37m			./examples/screw-in-button/Button.scad[0m
2025/01/11 15:48:38 main.go:292: [34mRunning openscad[0m
2025/01/11 15:48:38 main.go:255: [33mCommand: [37m			openscad -o examples/screw-in-button/export/v1.17/has_part_letter/button-height-20-width-5-button-profile-90_Q.stl -D button_radius=90 -D button_height=20 -D button_width=5 -D 'optional_part_id_letter="Q"' -D '$fn=300' ./examples/screw-in-button/Button.scad --export-format binstl --render[0m
Geometries in cache: 12
Geometry cache size in bytes: 8615696
CGAL Polyhedrons in cache: 1
CGAL cache size in bytes: 33247376
Total rendering time: 0:00:26.818
Top level object is a 3D object (Nef polyhedron):
   Simple:     yes
   Vertices:    12762
   Halfedges:   64158
   Edges:       32079
   Halffacets:  38642
   Facets:      19321
   Volumes:         2
2025/01/11 15:49:05 main.go:292: [34mSetting metadata[0m
2025/01/11 15:49:05 main.go:255: [33mSet xattr: [37m			user.openscadgen.version[0m
2025/01/11 15:49:05 main.go:255: [33mSet xattr: [37m			user.openscadgen.instance[0m
2025/01/11 15:49:05 main.go:255: [33mSet xattr: [37m			user.openscadgen.params.button_radius[0m
2025/01/11 15:49:05 main.go:255: [33mSet xattr: [37m			user.openscadgen.params.button_height[0m
2025/01/11 15:49:05 main.go:255: [33mSet xattr: [37m			user.openscadgen.params.button_width[0m
2025/01/11 15:49:05 main.go:255: [33mSet build info in file attributes: [37m			examples/screw-in-button/export/v1.17/has_part_letter/button-height-20-width-5-button-profile-90_Q.stl[0m
2025/01/11 15:49:05 main.go:292: [34m
Dynamic Model - (17/20) [17 processed] - 'button-height-20-width-10-button-profile-90_R' [0m
2025/01/11 15:49:05 main.go:255: [33mParams: [37m			map[button_height:20 button_radius:90 button_width:10][0m
2025/01/11 15:49:05 main.go:292: [34mMax instance check passed[0m
2025/01/11 15:49:05 main.go:255: [33mMax instances: [37m			0[0m
2025/01/11 15:49:05 main.go:255: [33mProcessed instances: [37m			17[0m
2025/01/11 15:49:05 main.go:255: [33moutputPath: [37m			examples/screw-in-button/export/v1.17/has_part_letter/button-height-20-width-10-button-profile-90_R[0m
2025/01/11 15:49:05 main.go:255: [33mexportFolderPath: [37m			examples/screw-in-button/export/v1.17/has_part_letter[0m
2025/01/11 15:49:05 main.go:255: [33mexportFolderPath to check:: [37m			examples/screw-in-button/export/v1.17/has_part_letter[0m
2025/01/11 15:49:05 main.go:292: [34mCopying design file to export folder[0m
2025/01/11 15:49:05 main.go:255: [33mDesign file: [37m			./examples/screw-in-button/Button.scad[0m
2025/01/11 15:49:05 main.go:255: [33mExport folder: [37m			examples/screw-in-button/export/v1.17/has_part_letter[0m
2025/01/11 15:49:05 main.go:255: [33mCustomParameter [button_radius]: [37m			90[0m
2025/01/11 15:49:05 main.go:255: [33mCustomParameter [button_height]: [37m			20[0m
2025/01/11 15:49:05 main.go:255: [33mCustomParameter [button_width]: [37m			10[0m
2025/01/11 15:49:05 main.go:255: [33mOptionalPartIDLetter set on model: [37m			R[0m
2025/01/11 15:49:05 main.go:255: [33mOverrideFN: [37m			300[0m
2025/01/11 15:49:05 main.go:255: [33mInputPath: [37m			./examples/screw-in-button/Button.scad[0m
2025/01/11 15:49:05 main.go:292: [34mRunning openscad[0m
2025/01/11 15:49:05 main.go:255: [33mCommand: [37m			openscad -o examples/screw-in-button/export/v1.17/has_part_letter/button-height-20-width-10-button-profile-90_R.stl -D button_radius=90 -D button_height=20 -D button_width=10 -D 'optional_part_id_letter="R"' -D '$fn=300' ./examples/screw-in-button/Button.scad --export-format binstl --render[0m
Geometries in cache: 12
Geometry cache size in bytes: 8284176
CGAL Polyhedrons in cache: 1
CGAL cache size in bytes: 35090576
Total rendering time: 0:00:25.505
Top level object is a 3D object (Nef polyhedron):
   Simple:     yes
   Vertices:    12842
   Halfedges:   67966
   Edges:       33983
   Halffacets:  42290
   Facets:      21145
   Volumes:         2
2025/01/11 15:49:30 main.go:292: [34mSetting metadata[0m
2025/01/11 15:49:30 main.go:255: [33mSet xattr: [37m			user.openscadgen.instance[0m
2025/01/11 15:49:30 main.go:255: [33mSet xattr: [37m			user.openscadgen.params.button_radius[0m
2025/01/11 15:49:30 main.go:255: [33mSet xattr: [37m			user.openscadgen.params.button_height[0m
2025/01/11 15:49:30 main.go:255: [33mSet xattr: [37m			user.openscadgen.params.button_width[0m
2025/01/11 15:49:30 main.go:255: [33mSet xattr: [37m			user.openscadgen.version[0m
2025/01/11 15:49:30 main.go:255: [33mSet build info in file attributes: [37m			examples/screw-in-button/export/v1.17/has_part_letter/button-height-20-width-10-button-profile-90_R.stl[0m
2025/01/11 15:49:30 main.go:292: [34m
Dynamic Model - (18/20) [18 processed] - 'button-height-50-width-5-button-profile-90_S' [0m
2025/01/11 15:49:30 main.go:255: [33mParams: [37m			map[button_height:50 button_radius:90 button_width:5][0m
2025/01/11 15:49:30 main.go:292: [34mMax instance check passed[0m
2025/01/11 15:49:30 main.go:255: [33mMax instances: [37m			0[0m
2025/01/11 15:49:30 main.go:255: [33mProcessed instances: [37m			18[0m
2025/01/11 15:49:30 main.go:255: [33moutputPath: [37m			examples/screw-in-button/export/v1.17/has_part_letter/button-height-50-width-5-button-profile-90_S[0m
2025/01/11 15:49:30 main.go:255: [33mexportFolderPath: [37m			examples/screw-in-button/export/v1.17/has_part_letter[0m
2025/01/11 15:49:30 main.go:255: [33mexportFolderPath to check:: [37m			examples/screw-in-button/export/v1.17/has_part_letter[0m
2025/01/11 15:49:30 main.go:292: [34mCopying design file to export folder[0m
2025/01/11 15:49:30 main.go:255: [33mDesign file: [37m			./examples/screw-in-button/Button.scad[0m
2025/01/11 15:49:30 main.go:255: [33mExport folder: [37m			examples/screw-in-button/export/v1.17/has_part_letter[0m
2025/01/11 15:49:30 main.go:255: [33mCustomParameter [button_height]: [37m			50[0m
2025/01/11 15:49:30 main.go:255: [33mCustomParameter [button_width]: [37m			5[0m
2025/01/11 15:49:30 main.go:255: [33mCustomParameter [button_radius]: [37m			90[0m
2025/01/11 15:49:30 main.go:255: [33mOptionalPartIDLetter set on model: [37m			S[0m
2025/01/11 15:49:30 main.go:255: [33mOverrideFN: [37m			300[0m
2025/01/11 15:49:30 main.go:255: [33mInputPath: [37m			./examples/screw-in-button/Button.scad[0m
2025/01/11 15:49:30 main.go:292: [34mRunning openscad[0m
2025/01/11 15:49:30 main.go:255: [33mCommand: [37m			openscad -o examples/screw-in-button/export/v1.17/has_part_letter/button-height-50-width-5-button-profile-90_S.stl -D button_height=50 -D button_width=5 -D button_radius=90 -D 'optional_part_id_letter="S"' -D '$fn=300' ./examples/screw-in-button/Button.scad --export-format binstl --render[0m
Geometries in cache: 12
Geometry cache size in bytes: 8773584
CGAL Polyhedrons in cache: 1
CGAL cache size in bytes: 53391568
Total rendering time: 0:00:51.358
Top level object is a 3D object (Nef polyhedron):
   Simple:     yes
   Vertices:    19596
   Halfedges:  103392
   Edges:       51696
   Halffacets:  64206
   Facets:      32103
   Volumes:         2
2025/01/11 15:50:22 main.go:292: [34mSetting metadata[0m
2025/01/11 15:50:22 main.go:255: [33mSet xattr: [37m			user.openscadgen.params.button_radius[0m
2025/01/11 15:50:22 main.go:255: [33mSet xattr: [37m			user.openscadgen.params.button_height[0m
2025/01/11 15:50:22 main.go:255: [33mSet xattr: [37m			user.openscadgen.params.button_width[0m
2025/01/11 15:50:22 main.go:255: [33mSet xattr: [37m			user.openscadgen.version[0m
2025/01/11 15:50:22 main.go:255: [33mSet xattr: [37m			user.openscadgen.instance[0m
2025/01/11 15:50:22 main.go:255: [33mSet build info in file attributes: [37m			examples/screw-in-button/export/v1.17/has_part_letter/button-height-50-width-5-button-profile-90_S.stl[0m
2025/01/11 15:50:22 main.go:292: [34m
Dynamic Model - (19/20) [19 processed] - 'button-height-50-width-10-button-profile-90_T' [0m
2025/01/11 15:50:22 main.go:255: [33mParams: [37m			map[button_height:50 button_radius:90 button_width:10][0m
2025/01/11 15:50:22 main.go:292: [34mMax instance check passed[0m
2025/01/11 15:50:22 main.go:255: [33mMax instances: [37m			0[0m
2025/01/11 15:50:22 main.go:255: [33mProcessed instances: [37m			19[0m
2025/01/11 15:50:22 main.go:255: [33moutputPath: [37m			examples/screw-in-button/export/v1.17/has_part_letter/button-height-50-width-10-button-profile-90_T[0m
2025/01/11 15:50:22 main.go:255: [33mexportFolderPath: [37m			examples/screw-in-button/export/v1.17/has_part_letter[0m
2025/01/11 15:50:22 main.go:255: [33mexportFolderPath to check:: [37m			examples/screw-in-button/export/v1.17/has_part_letter[0m
2025/01/11 15:50:22 main.go:292: [34mCopying design file to export folder[0m
2025/01/11 15:50:22 main.go:255: [33mDesign file: [37m			./examples/screw-in-button/Button.scad[0m
2025/01/11 15:50:22 main.go:255: [33mExport folder: [37m			examples/screw-in-button/export/v1.17/has_part_letter[0m
2025/01/11 15:50:22 main.go:255: [33mCustomParameter [button_height]: [37m			50[0m
2025/01/11 15:50:22 main.go:255: [33mCustomParameter [button_width]: [37m			10[0m
2025/01/11 15:50:22 main.go:255: [33mCustomParameter [button_radius]: [37m			90[0m
2025/01/11 15:50:22 main.go:255: [33mOptionalPartIDLetter set on model: [37m			T[0m
2025/01/11 15:50:22 main.go:255: [33mOverrideFN: [37m			300[0m
2025/01/11 15:50:22 main.go:255: [33mInputPath: [37m			./examples/screw-in-button/Button.scad[0m
2025/01/11 15:50:22 main.go:292: [34mRunning openscad[0m
2025/01/11 15:50:22 main.go:255: [33mCommand: [37m			openscad -o examples/screw-in-button/export/v1.17/has_part_letter/button-height-50-width-10-button-profile-90_T.stl -D button_height=50 -D button_width=10 -D button_radius=90 -D 'optional_part_id_letter="T"' -D '$fn=300' ./examples/screw-in-button/Button.scad --export-format binstl --render[0m
Geometries in cache: 12
Geometry cache size in bytes: 8124752
CGAL Polyhedrons in cache: 1
CGAL cache size in bytes: 52567504
Total rendering time: 0:00:26.703
Top level object is a 3D object (Nef polyhedron):
   Simple:     yes
   Vertices:    18304
   Halfedges:  102192
   Edges:       51096
   Halffacets:  65590
   Facets:      32795
   Volumes:         2
2025/01/11 15:50:48 main.go:292: [34mSetting metadata[0m
2025/01/11 15:50:48 main.go:255: [33mSet xattr: [37m			user.openscadgen.params.button_height[0m
2025/01/11 15:50:48 main.go:255: [33mSet xattr: [37m			user.openscadgen.params.button_width[0m
2025/01/11 15:50:48 main.go:255: [33mSet xattr: [37m			user.openscadgen.version[0m
2025/01/11 15:50:48 main.go:255: [33mSet xattr: [37m			user.openscadgen.instance[0m
2025/01/11 15:50:48 main.go:255: [33mSet xattr: [37m			user.openscadgen.params.button_radius[0m
2025/01/11 15:50:48 main.go:255: [33mSet build info in file attributes: [37m			examples/screw-in-button/export/v1.17/has_part_letter/button-height-50-width-10-button-profile-90_T.stl[0m
2025/01/11 15:50:48 main.go:292: [34mNo Static Instances[0m
2025/01/11 15:50:48 main.go:292: [34mGenerating README.md[0m
2025/01/11 15:50:48 main.go:255: [33mREADME.md written to: [37m			examples/screw-in-button/export/v1.17/README.md[0m
2025/01/11 15:50:48 main.go:292: [34mSTL generation completed[0m
