2025/01/14 07:06:51 main.go:452: [34mLoading config file[0m
2025/01/14 07:06:51 main.go:415: [33mParam name to confirm: [37m			button_height[0m
2025/01/14 07:06:51 main.go:415: [33mExportNameFormat: [37m			button-height-{button_height}-width-{button_width}-button-profile-{button_radius}[0m
2025/01/14 07:06:51 main.go:415: [33mParam name to confirm: [37m			button_width[0m
2025/01/14 07:06:51 main.go:415: [33mExportNameFormat: [37m			button-height-{button_height}-width-{button_width}-button-profile-{button_radius}[0m
2025/01/14 07:06:51 main.go:415: [33mParam name to confirm: [37m			button_radius[0m
2025/01/14 07:06:51 main.go:415: [33mExportNameFormat: [37m			button-height-{button_height}-width-{button_width}-button-profile-{button_radius}[0m
2025/01/14 07:06:51 main.go:422: [38;5;208m
The export folder (examples/screw-in-button/export/v1.18) has 23 existing files: 
	- Button.scad
	- README.md
	- button-height-1-width-10-button-profile-50.stl
	- button-height-1-width-5-button-profile-50.stl
	- button-height-10-width-10-button-profile-50.stl
	and 18 other files ...


[31m 23 files will be deleted from: 
	examples/screw-in-button/export/v1.18
[0m
2025/01/14 07:06:51 main.go:422: [38;5;208m[38;5;208m

Do you want to continue? (y/n):
[0m[0m
2025/01/14 07:06:53 main.go:452: [34mStarting Dynamic 20 Instances[0m
2025/01/14 07:06:53 main.go:452: [34mGot 1 paths to process[0m
2025/01/14 07:06:53 main.go:415: [33mPath: [37m			./examples/screw-in-button/Button.scad[0m
2025/01/14 07:06:53 main.go:415: [33m=============== path: [37m			./examples/screw-in-button/Button.scad[0m
2025/01/14 07:06:53 main.go:452: [34mStarting Dynamic 20 Instances[0m
2025/01/14 07:06:53 main.go:415: [33mInstance paths: [37m			&{InputPath:./examples/screw-in-button/Button.scad OutputPath:examples/screw-in-button/export/v1.18 PartIDOutputPath:examples/screw-in-button/export/v1.18/with_embedded_part_letter}[0m
2025/01/14 07:06:53 main.go:415: [33mformatToUse: [37m			button-height-{button_height}-width-{button_width}-button-profile-{button_radius}[0m
2025/01/14 07:06:53 main.go:415: [33mInputPath: [37m			./examples/screw-in-button/Button.scad[0m
2025/01/14 07:06:53 main.go:415: [33mInstance paths: [37m			&{InputPath:./examples/screw-in-button/Button.scad OutputPath:examples/screw-in-button/export/v1.18 PartIDOutputPath:examples/screw-in-button/export/v1.18/with_embedded_part_letter}[0m
2025/01/14 07:06:53 main.go:415: [33mformatToUse: [37m			button-height-{button_height}-width-{button_width}-button-profile-{button_radius}[0m
2025/01/14 07:06:53 main.go:415: [33mInputPath: [37m			./examples/screw-in-button/Button.scad[0m
2025/01/14 07:06:53 main.go:415: [33mInstance paths: [37m			&{InputPath:./examples/screw-in-button/Button.scad OutputPath:examples/screw-in-button/export/v1.18 PartIDOutputPath:examples/screw-in-button/export/v1.18/with_embedded_part_letter}[0m
2025/01/14 07:06:53 main.go:415: [33mformatToUse: [37m			button-height-{button_height}-width-{button_width}-button-profile-{button_radius}[0m
2025/01/14 07:06:53 main.go:415: [33mInputPath: [37m			./examples/screw-in-button/Button.scad[0m
2025/01/14 07:06:53 main.go:415: [33mInstance paths: [37m			&{InputPath:./examples/screw-in-button/Button.scad OutputPath:examples/screw-in-button/export/v1.18 PartIDOutputPath:examples/screw-in-button/export/v1.18/with_embedded_part_letter}[0m
2025/01/14 07:06:53 main.go:415: [33mformatToUse: [37m			button-height-{button_height}-width-{button_width}-button-profile-{button_radius}[0m
2025/01/14 07:06:53 main.go:415: [33mInputPath: [37m			./examples/screw-in-button/Button.scad[0m
2025/01/14 07:06:53 main.go:415: [33mInstance paths: [37m			&{InputPath:./examples/screw-in-button/Button.scad OutputPath:examples/screw-in-button/export/v1.18 PartIDOutputPath:examples/screw-in-button/export/v1.18/with_embedded_part_letter}[0m
2025/01/14 07:06:53 main.go:415: [33mformatToUse: [37m			button-height-{button_height}-width-{button_width}-button-profile-{button_radius}[0m
2025/01/14 07:06:53 main.go:415: [33mInputPath: [37m			./examples/screw-in-button/Button.scad[0m
2025/01/14 07:06:53 main.go:415: [33mInstance paths: [37m			&{InputPath:./examples/screw-in-button/Button.scad OutputPath:examples/screw-in-button/export/v1.18 PartIDOutputPath:examples/screw-in-button/export/v1.18/with_embedded_part_letter}[0m
2025/01/14 07:06:53 main.go:415: [33mformatToUse: [37m			button-height-{button_height}-width-{button_width}-button-profile-{button_radius}[0m
2025/01/14 07:06:53 main.go:415: [33mInputPath: [37m			./examples/screw-in-button/Button.scad[0m
2025/01/14 07:06:53 main.go:415: [33mInstance paths: [37m			&{InputPath:./examples/screw-in-button/Button.scad OutputPath:examples/screw-in-button/export/v1.18 PartIDOutputPath:examples/screw-in-button/export/v1.18/with_embedded_part_letter}[0m
2025/01/14 07:06:53 main.go:415: [33mformatToUse: [37m			button-height-{button_height}-width-{button_width}-button-profile-{button_radius}[0m
2025/01/14 07:06:53 main.go:415: [33mInputPath: [37m			./examples/screw-in-button/Button.scad[0m
2025/01/14 07:06:53 main.go:415: [33mInstance paths: [37m			&{InputPath:./examples/screw-in-button/Button.scad OutputPath:examples/screw-in-button/export/v1.18 PartIDOutputPath:examples/screw-in-button/export/v1.18/with_embedded_part_letter}[0m
2025/01/14 07:06:53 main.go:415: [33mformatToUse: [37m			button-height-{button_height}-width-{button_width}-button-profile-{button_radius}[0m
2025/01/14 07:06:53 main.go:415: [33mInputPath: [37m			./examples/screw-in-button/Button.scad[0m
2025/01/14 07:06:53 main.go:415: [33mInstance paths: [37m			&{InputPath:./examples/screw-in-button/Button.scad OutputPath:examples/screw-in-button/export/v1.18 PartIDOutputPath:examples/screw-in-button/export/v1.18/with_embedded_part_letter}[0m
2025/01/14 07:06:53 main.go:415: [33mformatToUse: [37m			button-height-{button_height}-width-{button_width}-button-profile-{button_radius}[0m
2025/01/14 07:06:53 main.go:415: [33mInputPath: [37m			./examples/screw-in-button/Button.scad[0m
2025/01/14 07:06:53 main.go:415: [33mInstance paths: [37m			&{InputPath:./examples/screw-in-button/Button.scad OutputPath:examples/screw-in-button/export/v1.18 PartIDOutputPath:examples/screw-in-button/export/v1.18/with_embedded_part_letter}[0m
2025/01/14 07:06:53 main.go:415: [33mformatToUse: [37m			button-height-{button_height}-width-{button_width}-button-profile-{button_radius}[0m
2025/01/14 07:06:53 main.go:415: [33mInputPath: [37m			./examples/screw-in-button/Button.scad[0m
2025/01/14 07:06:54 main.go:415: [33mInstance paths: [37m			&{InputPath:./examples/screw-in-button/Button.scad OutputPath:examples/screw-in-button/export/v1.18 PartIDOutputPath:examples/screw-in-button/export/v1.18/with_embedded_part_letter}[0m
2025/01/14 07:06:54 main.go:415: [33mformatToUse: [37m			button-height-{button_height}-width-{button_width}-button-profile-{button_radius}[0m
2025/01/14 07:06:54 main.go:415: [33mInputPath: [37m			./examples/screw-in-button/Button.scad[0m
2025/01/14 07:06:54 main.go:415: [33mInstance paths: [37m			&{InputPath:./examples/screw-in-button/Button.scad OutputPath:examples/screw-in-button/export/v1.18 PartIDOutputPath:examples/screw-in-button/export/v1.18/with_embedded_part_letter}[0m
2025/01/14 07:06:54 main.go:415: [33mformatToUse: [37m			button-height-{button_height}-width-{button_width}-button-profile-{button_radius}[0m
2025/01/14 07:06:54 main.go:415: [33mInputPath: [37m			./examples/screw-in-button/Button.scad[0m
2025/01/14 07:06:54 main.go:415: [33mInstance paths: [37m			&{InputPath:./examples/screw-in-button/Button.scad OutputPath:examples/screw-in-button/export/v1.18 PartIDOutputPath:examples/screw-in-button/export/v1.18/with_embedded_part_letter}[0m
2025/01/14 07:06:54 main.go:415: [33mformatToUse: [37m			button-height-{button_height}-width-{button_width}-button-profile-{button_radius}[0m
2025/01/14 07:06:54 main.go:415: [33mInputPath: [37m			./examples/screw-in-button/Button.scad[0m
2025/01/14 07:06:54 main.go:415: [33mInstance paths: [37m			&{InputPath:./examples/screw-in-button/Button.scad OutputPath:examples/screw-in-button/export/v1.18 PartIDOutputPath:examples/screw-in-button/export/v1.18/with_embedded_part_letter}[0m
2025/01/14 07:06:54 main.go:415: [33mformatToUse: [37m			button-height-{button_height}-width-{button_width}-button-profile-{button_radius}[0m
2025/01/14 07:06:54 main.go:415: [33mInputPath: [37m			./examples/screw-in-button/Button.scad[0m
2025/01/14 07:06:54 main.go:415: [33mInstance paths: [37m			&{InputPath:./examples/screw-in-button/Button.scad OutputPath:examples/screw-in-button/export/v1.18 PartIDOutputPath:examples/screw-in-button/export/v1.18/with_embedded_part_letter}[0m
2025/01/14 07:06:54 main.go:415: [33mformatToUse: [37m			button-height-{button_height}-width-{button_width}-button-profile-{button_radius}[0m
2025/01/14 07:06:54 main.go:415: [33mInputPath: [37m			./examples/screw-in-button/Button.scad[0m
2025/01/14 07:06:54 main.go:415: [33mInstance paths: [37m			&{InputPath:./examples/screw-in-button/Button.scad OutputPath:examples/screw-in-button/export/v1.18 PartIDOutputPath:examples/screw-in-button/export/v1.18/with_embedded_part_letter}[0m
2025/01/14 07:06:54 main.go:415: [33mformatToUse: [37m			button-height-{button_height}-width-{button_width}-button-profile-{button_radius}[0m
2025/01/14 07:06:54 main.go:415: [33mInputPath: [37m			./examples/screw-in-button/Button.scad[0m
2025/01/14 07:06:54 main.go:415: [33mInstance paths: [37m			&{InputPath:./examples/screw-in-button/Button.scad OutputPath:examples/screw-in-button/export/v1.18 PartIDOutputPath:examples/screw-in-button/export/v1.18/with_embedded_part_letter}[0m
2025/01/14 07:06:54 main.go:415: [33mformatToUse: [37m			button-height-{button_height}-width-{button_width}-button-profile-{button_radius}[0m
2025/01/14 07:06:54 main.go:415: [33mInputPath: [37m			./examples/screw-in-button/Button.scad[0m
2025/01/14 07:06:54 main.go:415: [33mInstance paths: [37m			&{InputPath:./examples/screw-in-button/Button.scad OutputPath:examples/screw-in-button/export/v1.18 PartIDOutputPath:examples/screw-in-button/export/v1.18/with_embedded_part_letter}[0m
2025/01/14 07:06:54 main.go:415: [33mformatToUse: [37m			button-height-{button_height}-width-{button_width}-button-profile-{button_radius}[0m
2025/01/14 07:06:54 main.go:415: [33mInputPath: [37m			./examples/screw-in-button/Button.scad[0m
2025/01/14 07:06:54 main.go:415: [33mInstance paths: [37m			&{InputPath:./examples/screw-in-button/Button.scad OutputPath:examples/screw-in-button/export/v1.18 PartIDOutputPath:examples/screw-in-button/export/v1.18/with_embedded_part_letter}[0m
2025/01/14 07:06:54 main.go:415: [33mformatToUse: [37m			button-height-{button_height}-width-{button_width}-button-profile-{button_radius}[0m
2025/01/14 07:06:54 main.go:415: [33mInputPath: [37m			./examples/screw-in-button/Button.scad[0m
2025/01/14 07:06:54 main.go:415: [33mInstance paths: [37m			&{InputPath:./examples/screw-in-button/Button.scad OutputPath:examples/screw-in-button/export/v1.18 PartIDOutputPath:examples/screw-in-button/export/v1.18/with_embedded_part_letter}[0m
2025/01/14 07:06:54 main.go:415: [33mformatToUse: [37m			button-height-{button_height}-width-{button_width}-button-profile-{button_radius}[0m
2025/01/14 07:06:54 main.go:415: [33mInputPath: [37m			./examples/screw-in-button/Button.scad[0m
